Command line
python /home/andersonxps/anaconda3/envs/lnp_ml/bin/chemprop_train --dataset_type regression --data_path LNPDB_v28_for_LiON/heldout/lion_lnpdb/all/single_split_leap/train.csv --features_path LNPDB_v28_for_LiON/heldout/lion_lnpdb/all/single_split_leap/train_extra_x.csv --data_weights_path LNPDB_v28_for_LiON/heldout/lion_lnpdb/all/single_split_leap/train_weights.csv --separate_val_path LNPDB_v28_for_LiON/heldout/lion_lnpdb/all/single_split_leap/test.csv --separate_val_features_path LNPDB_v28_for_LiON/heldout/lion_lnpdb/all/single_split_leap/test_extra_x.csv --separate_test_path LNPDB_v28_for_LiON/heldout/lion_lnpdb/all/single_split_leap/test.csv --separate_test_features_path LNPDB_v28_for_LiON/heldout/lion_lnpdb/all/single_split_leap/test_extra_x.csv --save_dir LNPDB_v28_for_LiON/heldout/lion_lnpdb/all/single_split_leap/trained_model_checkpoints --target_columns Experiment_value
Args
{'activation': 'ReLU',
 'adding_bond_types': True,
 'adding_h': False,
 'aggregation': 'mean',
 'aggregation_norm': 100,
 'atom_constraints': [],
 'atom_descriptor_scaling': True,
 'atom_descriptors': None,
 'atom_descriptors_path': None,
 'atom_descriptors_size': 0,
 'atom_features_size': 0,
 'atom_messages': False,
 'atom_targets': [],
 'batch_size': 50,
 'bias': False,
 'bias_solvent': False,
 'bond_constraints': [],
 'bond_descriptor_scaling': True,
 'bond_descriptors': None,
 'bond_descriptors_path': None,
 'bond_descriptors_size': 0,
 'bond_features_size': 0,
 'bond_targets': [],
 'cache_cutoff': 10000,
 'checkpoint_dir': None,
 'checkpoint_frzn': None,
 'checkpoint_path': None,
 'checkpoint_paths': None,
 'class_balance': False,
 'config_path': None,
 'constraints_path': None,
 'crossval_index_dir': None,
 'crossval_index_file': None,
 'crossval_index_sets': None,
 'cuda': True,
 'data_path': 'LNPDB_v28_for_LiON/heldout/lion_lnpdb/all/single_split_leap/train.csv',
 'data_weights_path': 'LNPDB_v28_for_LiON/heldout/lion_lnpdb/all/single_split_leap/train_weights.csv',
 'dataset_type': 'regression',
 'depth': 3,
 'depth_solvent': 3,
 'device': device(type='cuda'),
 'dropout': 0.0,
 'empty_cache': False,
 'ensemble_size': 1,
 'epochs': 30,
 'evidential_regularization': 0,
 'explicit_h': False,
 'extra_metrics': [],
 'features_generator': None,
 'features_only': False,
 'features_path': ['LNPDB_v28_for_LiON/heldout/lion_lnpdb/all/single_split_leap/train_extra_x.csv'],
 'features_scaling': True,
 'features_size': None,
 'ffn_hidden_size': 300,
 'ffn_num_layers': 2,
 'final_lr': 0.0001,
 'folds_file': None,
 'freeze_first_only': False,
 'frzn_ffn_layers': 0,
 'gpu': None,
 'grad_clip': None,
 'hidden_size': 300,
 'hidden_size_solvent': 300,
 'ignore_columns': None,
 'ignore_nan_metrics': False,
 'init_lr': 0.0001,
 'is_atom_bond_targets': False,
 'keeping_atom_map': False,
 'log_frequency': 10,
 'loss_function': 'mse',
 'max_data_size': None,
 'max_lr': 0.001,
 'metric': 'rmse',
 'metrics': ['rmse'],
 'minimize_score': True,
 'mpn_shared': False,
 'multiclass_num_classes': 3,
 'no_adding_bond_types': False,
 'no_atom_descriptor_scaling': False,
 'no_bond_descriptor_scaling': False,
 'no_cache_mol': False,
 'no_cuda': False,
 'no_features_scaling': False,
 'no_shared_atom_bond_ffn': False,
 'num_folds': 1,
 'num_lrs': 1,
 'num_tasks': 1,
 'num_workers': 8,
 'number_of_molecules': 1,
 'overwrite_default_atom_features': False,
 'overwrite_default_bond_features': False,
 'phase_features_path': None,
 'pytorch_seed': 0,
 'quantile_loss_alpha': 0.1,
 'quantiles': [],
 'quiet': False,
 'reaction': False,
 'reaction_mode': 'reac_diff',
 'reaction_solvent': False,
 'resume_experiment': False,
 'save_dir': 'LNPDB_v28_for_LiON/heldout/lion_lnpdb/all/single_split_leap/trained_model_checkpoints',
 'save_preds': False,
 'save_smiles_splits': False,
 'seed': 0,
 'separate_test_atom_descriptors_path': None,
 'separate_test_bond_descriptors_path': None,
 'separate_test_constraints_path': None,
 'separate_test_features_path': ['LNPDB_v28_for_LiON/heldout/lion_lnpdb/all/single_split_leap/test_extra_x.csv'],
 'separate_test_path': 'LNPDB_v28_for_LiON/heldout/lion_lnpdb/all/single_split_leap/test.csv',
 'separate_test_phase_features_path': None,
 'separate_val_atom_descriptors_path': None,
 'separate_val_bond_descriptors_path': None,
 'separate_val_constraints_path': None,
 'separate_val_features_path': ['LNPDB_v28_for_LiON/heldout/lion_lnpdb/all/single_split_leap/test_extra_x.csv'],
 'separate_val_path': 'LNPDB_v28_for_LiON/heldout/lion_lnpdb/all/single_split_leap/test.csv',
 'separate_val_phase_features_path': None,
 'shared_atom_bond_ffn': True,
 'show_individual_scores': False,
 'smiles_columns': ['IL_SMILES'],
 'spectra_activation': 'exp',
 'spectra_phase_mask_path': None,
 'spectra_target_floor': 1e-08,
 'split_key_molecule': 0,
 'split_sizes': [1.0, 0.0, 0.0],
 'split_type': 'random',
 'target_columns': ['Experiment_value'],
 'target_weights': None,
 'task_names': ['Experiment_value'],
 'test': False,
 'test_fold_index': None,
 'train_data_size': None,
 'undirected': False,
 'use_input_features': True,
 'val_fold_index': None,
 'warmup_epochs': 2.0,
 'weights_ffn_num_layers': 2}
Setting molecule featurization parameters to default.
Loading data
Number of tasks = 1
Fold 0
Splitting data with seed 0
Total size = 13,362 | train size = 13,362 | val size = 5,496 | test size = 5,496
Fitting scaler
Building model 0
MoleculeModel(
  (encoder): MPN(
    (encoder): ModuleList(
      (0): MPNEncoder(
        (dropout): Dropout(p=0.0, inplace=False)
        (act_func): ReLU()
        (W_i): Linear(in_features=147, out_features=300, bias=False)
        (W_h): Linear(in_features=300, out_features=300, bias=False)
        (W_o): Linear(in_features=433, out_features=300, bias=True)
      )
    )
  )
  (readout): Sequential(
    (0): Dropout(p=0.0, inplace=False)
    (1): Linear(in_features=392, out_features=300, bias=True)
    (2): ReLU()
    (3): Dropout(p=0.0, inplace=False)
    (4): Linear(in_features=300, out_features=1, bias=True)
  )
)
Number of parameters = 382,801
Moving model to cuda
Epoch 0
Loss = 1.1077e+00, PNorm = 34.6026, GNorm = 5.2112, lr_0 = 1.1854e-04
Loss = 1.0138e+00, PNorm = 34.6013, GNorm = 6.6443, lr_0 = 1.3539e-04
Loss = 1.1132e+00, PNorm = 34.6011, GNorm = 4.2508, lr_0 = 1.5225e-04
Loss = 1.0196e+00, PNorm = 34.6020, GNorm = 3.3306, lr_0 = 1.6910e-04
Loss = 9.0511e-01, PNorm = 34.6038, GNorm = 3.3652, lr_0 = 1.8596e-04
Loss = 1.1486e+00, PNorm = 34.6054, GNorm = 2.9297, lr_0 = 2.0281e-04
Loss = 1.0112e+00, PNorm = 34.6069, GNorm = 3.6864, lr_0 = 2.1966e-04
Loss = 7.9497e-01, PNorm = 34.6094, GNorm = 4.1760, lr_0 = 2.3652e-04
Loss = 9.4807e-01, PNorm = 34.6121, GNorm = 3.9256, lr_0 = 2.5337e-04
Loss = 1.1152e+00, PNorm = 34.6145, GNorm = 2.7146, lr_0 = 2.7022e-04
Loss = 9.5013e-01, PNorm = 34.6170, GNorm = 4.2404, lr_0 = 2.8708e-04
Loss = 1.0086e+00, PNorm = 34.6215, GNorm = 3.7468, lr_0 = 3.0393e-04
Loss = 1.0220e+00, PNorm = 34.6226, GNorm = 3.4646, lr_0 = 3.2079e-04
Loss = 1.2103e+00, PNorm = 34.6259, GNorm = 5.0938, lr_0 = 3.3764e-04
Loss = 1.0292e+00, PNorm = 34.6313, GNorm = 3.1567, lr_0 = 3.5449e-04
Loss = 9.5567e-01, PNorm = 34.6370, GNorm = 2.1517, lr_0 = 3.7135e-04
Loss = 9.1096e-01, PNorm = 34.6427, GNorm = 4.4750, lr_0 = 3.8820e-04
Loss = 9.3158e-01, PNorm = 34.6439, GNorm = 3.0591, lr_0 = 4.0506e-04
Loss = 8.8359e-01, PNorm = 34.6490, GNorm = 2.8632, lr_0 = 4.2191e-04
Loss = 1.0243e+00, PNorm = 34.6562, GNorm = 3.2619, lr_0 = 4.3876e-04
Loss = 8.4240e-01, PNorm = 34.6616, GNorm = 3.7675, lr_0 = 4.5562e-04
Loss = 1.0697e+00, PNorm = 34.6694, GNorm = 2.4102, lr_0 = 4.7247e-04
Loss = 9.0012e-01, PNorm = 34.6780, GNorm = 2.4487, lr_0 = 4.8933e-04
Loss = 1.0183e+00, PNorm = 34.6923, GNorm = 2.7779, lr_0 = 5.0618e-04
Loss = 1.0688e+00, PNorm = 34.6975, GNorm = 3.2385, lr_0 = 5.2303e-04
Loss = 1.0463e+00, PNorm = 34.7022, GNorm = 4.8379, lr_0 = 5.3989e-04
Validation rmse = 1.006630
Epoch 1
Loss = 7.8530e-01, PNorm = 34.7097, GNorm = 3.5044, lr_0 = 5.5843e-04
Loss = 9.7609e-01, PNorm = 34.7186, GNorm = 2.4905, lr_0 = 5.7528e-04
Loss = 8.9907e-01, PNorm = 34.7278, GNorm = 2.0511, lr_0 = 5.9213e-04
Loss = 8.9836e-01, PNorm = 34.7356, GNorm = 2.9338, lr_0 = 6.0899e-04
Loss = 9.1638e-01, PNorm = 34.7485, GNorm = 2.1463, lr_0 = 6.2584e-04
Loss = 8.8710e-01, PNorm = 34.7568, GNorm = 3.1469, lr_0 = 6.4270e-04
Loss = 1.0618e+00, PNorm = 34.7635, GNorm = 2.3895, lr_0 = 6.5955e-04
Loss = 7.7451e-01, PNorm = 34.7753, GNorm = 1.8691, lr_0 = 6.7640e-04
Loss = 9.1083e-01, PNorm = 34.7890, GNorm = 2.8303, lr_0 = 6.9326e-04
Loss = 1.0595e+00, PNorm = 34.8101, GNorm = 3.9117, lr_0 = 7.1011e-04
Loss = 8.5418e-01, PNorm = 34.8203, GNorm = 1.9914, lr_0 = 7.2697e-04
Loss = 1.0810e+00, PNorm = 34.8377, GNorm = 2.4696, lr_0 = 7.4382e-04
Loss = 9.2822e-01, PNorm = 34.8502, GNorm = 2.8112, lr_0 = 7.6067e-04
Loss = 9.3822e-01, PNorm = 34.8772, GNorm = 3.1161, lr_0 = 7.7753e-04
Loss = 1.1660e+00, PNorm = 34.9003, GNorm = 2.3926, lr_0 = 7.9438e-04
Loss = 1.0626e+00, PNorm = 34.9285, GNorm = 3.6694, lr_0 = 8.1124e-04
Loss = 8.7734e-01, PNorm = 34.9616, GNorm = 3.2845, lr_0 = 8.2809e-04
Loss = 1.0467e+00, PNorm = 34.9901, GNorm = 2.4070, lr_0 = 8.4494e-04
Loss = 9.5554e-01, PNorm = 35.0193, GNorm = 3.4748, lr_0 = 8.6180e-04
Loss = 9.4076e-01, PNorm = 35.0300, GNorm = 2.4440, lr_0 = 8.7865e-04
Loss = 1.0042e+00, PNorm = 35.0406, GNorm = 2.4357, lr_0 = 8.9551e-04
Loss = 9.8281e-01, PNorm = 35.0509, GNorm = 4.3878, lr_0 = 9.1236e-04
Loss = 9.6143e-01, PNorm = 35.0631, GNorm = 3.9665, lr_0 = 9.2921e-04
Loss = 1.1055e+00, PNorm = 35.0846, GNorm = 2.9440, lr_0 = 9.4607e-04
Loss = 9.4574e-01, PNorm = 35.1036, GNorm = 1.9860, lr_0 = 9.6292e-04
Loss = 9.4441e-01, PNorm = 35.1243, GNorm = 4.8595, lr_0 = 9.7978e-04
Loss = 9.7402e-01, PNorm = 35.1462, GNorm = 2.4698, lr_0 = 9.9663e-04
Validation rmse = 0.994835
Epoch 2
Loss = 9.3215e-01, PNorm = 35.1667, GNorm = 2.7105, lr_0 = 9.9723e-04
Loss = 7.3111e-01, PNorm = 35.1958, GNorm = 1.5882, lr_0 = 9.9417e-04
Loss = 9.1608e-01, PNorm = 35.2155, GNorm = 1.8172, lr_0 = 9.9111e-04
Loss = 9.9415e-01, PNorm = 35.2547, GNorm = 1.6043, lr_0 = 9.8806e-04
Loss = 9.3585e-01, PNorm = 35.2702, GNorm = 2.2126, lr_0 = 9.8502e-04
Loss = 8.7543e-01, PNorm = 35.2908, GNorm = 4.0029, lr_0 = 9.8199e-04
Loss = 9.0778e-01, PNorm = 35.3143, GNorm = 2.1553, lr_0 = 9.7897e-04
Loss = 8.5061e-01, PNorm = 35.3398, GNorm = 1.9574, lr_0 = 9.7596e-04
Loss = 9.1898e-01, PNorm = 35.3658, GNorm = 1.8524, lr_0 = 9.7296e-04
Loss = 8.8618e-01, PNorm = 35.3944, GNorm = 1.2048, lr_0 = 9.6997e-04
Loss = 1.0138e+00, PNorm = 35.4165, GNorm = 2.7332, lr_0 = 9.6699e-04
Loss = 9.5821e-01, PNorm = 35.4593, GNorm = 3.3208, lr_0 = 9.6401e-04
Loss = 1.0151e+00, PNorm = 35.5069, GNorm = 4.5740, lr_0 = 9.6105e-04
Loss = 8.8112e-01, PNorm = 35.5513, GNorm = 1.3777, lr_0 = 9.5809e-04
Loss = 1.0371e+00, PNorm = 35.5894, GNorm = 3.2160, lr_0 = 9.5515e-04
Loss = 8.2193e-01, PNorm = 35.6327, GNorm = 3.9445, lr_0 = 9.5221e-04
Loss = 1.0387e+00, PNorm = 35.6464, GNorm = 2.1339, lr_0 = 9.4928e-04
Loss = 1.0304e+00, PNorm = 35.6824, GNorm = 2.6656, lr_0 = 9.4636e-04
Loss = 8.5743e-01, PNorm = 35.7052, GNorm = 3.3106, lr_0 = 9.4345e-04
Loss = 9.2646e-01, PNorm = 35.7392, GNorm = 1.8229, lr_0 = 9.4055e-04
Loss = 9.8641e-01, PNorm = 35.7719, GNorm = 1.7920, lr_0 = 9.3766e-04
Loss = 9.2184e-01, PNorm = 35.7884, GNorm = 1.9255, lr_0 = 9.3477e-04
Loss = 9.1269e-01, PNorm = 35.8119, GNorm = 4.9191, lr_0 = 9.3190e-04
Loss = 1.0061e+00, PNorm = 35.8363, GNorm = 2.6970, lr_0 = 9.2903e-04
Loss = 9.8749e-01, PNorm = 35.8761, GNorm = 2.0709, lr_0 = 9.2618e-04
Loss = 9.2968e-01, PNorm = 35.9107, GNorm = 2.1160, lr_0 = 9.2333e-04
Loss = 8.7898e-01, PNorm = 35.9355, GNorm = 2.2407, lr_0 = 9.2049e-04
Validation rmse = 1.002599
Epoch 3
Loss = 9.5473e-01, PNorm = 35.9838, GNorm = 2.0338, lr_0 = 9.1737e-04
Loss = 9.3409e-01, PNorm = 36.0161, GNorm = 2.0154, lr_0 = 9.1455e-04
Loss = 9.5367e-01, PNorm = 36.0442, GNorm = 2.2218, lr_0 = 9.1174e-04
Loss = 9.7014e-01, PNorm = 36.0852, GNorm = 2.1977, lr_0 = 9.0894e-04
Loss = 9.4240e-01, PNorm = 36.1209, GNorm = 2.1762, lr_0 = 9.0614e-04
Loss = 9.5149e-01, PNorm = 36.1622, GNorm = 2.2435, lr_0 = 9.0336e-04
Loss = 8.9628e-01, PNorm = 36.2096, GNorm = 2.4409, lr_0 = 9.0058e-04
Loss = 8.9304e-01, PNorm = 36.2431, GNorm = 1.5941, lr_0 = 8.9781e-04
Loss = 9.8978e-01, PNorm = 36.2892, GNorm = 2.8823, lr_0 = 8.9505e-04
Loss = 8.8766e-01, PNorm = 36.3443, GNorm = 1.5996, lr_0 = 8.9229e-04
Loss = 1.0031e+00, PNorm = 36.3807, GNorm = 2.0637, lr_0 = 8.8955e-04
Loss = 8.0874e-01, PNorm = 36.4261, GNorm = 1.0687, lr_0 = 8.8682e-04
Loss = 9.5211e-01, PNorm = 36.4745, GNorm = 2.1447, lr_0 = 8.8409e-04
Loss = 1.0426e+00, PNorm = 36.5281, GNorm = 2.7130, lr_0 = 8.8137e-04
Loss = 1.0256e+00, PNorm = 36.5781, GNorm = 3.6044, lr_0 = 8.7866e-04
Loss = 8.0059e-01, PNorm = 36.6260, GNorm = 2.0593, lr_0 = 8.7596e-04
Loss = 8.6334e-01, PNorm = 36.6513, GNorm = 1.3130, lr_0 = 8.7326e-04
Loss = 7.3530e-01, PNorm = 36.7000, GNorm = 1.1962, lr_0 = 8.7058e-04
Loss = 8.1184e-01, PNorm = 36.7369, GNorm = 3.4747, lr_0 = 8.6790e-04
Loss = 9.0397e-01, PNorm = 36.7589, GNorm = 2.0794, lr_0 = 8.6523e-04
Loss = 8.2536e-01, PNorm = 36.8006, GNorm = 4.3147, lr_0 = 8.6257e-04
Loss = 8.4526e-01, PNorm = 36.8267, GNorm = 2.8394, lr_0 = 8.5992e-04
Loss = 8.0944e-01, PNorm = 36.8651, GNorm = 1.0719, lr_0 = 8.5727e-04
Loss = 1.0472e+00, PNorm = 36.8905, GNorm = 2.7529, lr_0 = 8.5464e-04
Loss = 9.4400e-01, PNorm = 36.9296, GNorm = 1.4648, lr_0 = 8.5201e-04
Loss = 8.5413e-01, PNorm = 36.9810, GNorm = 1.5447, lr_0 = 8.4939e-04
Validation rmse = 1.074845
Epoch 4
Loss = 7.8743e-01, PNorm = 37.0330, GNorm = 2.0129, lr_0 = 8.4652e-04
Loss = 9.4306e-01, PNorm = 37.0793, GNorm = 1.8347, lr_0 = 8.4391e-04
Loss = 8.3911e-01, PNorm = 37.1369, GNorm = 2.2963, lr_0 = 8.4132e-04
Loss = 1.0321e+00, PNorm = 37.1956, GNorm = 2.2242, lr_0 = 8.3873e-04
Loss = 1.0094e+00, PNorm = 37.2633, GNorm = 2.0044, lr_0 = 8.3615e-04
Loss = 7.3132e-01, PNorm = 37.3173, GNorm = 1.5066, lr_0 = 8.3358e-04
Loss = 7.9399e-01, PNorm = 37.3738, GNorm = 2.4784, lr_0 = 8.3102e-04
Loss = 9.6096e-01, PNorm = 37.4214, GNorm = 1.2018, lr_0 = 8.2846e-04
Loss = 8.7420e-01, PNorm = 37.4828, GNorm = 2.2946, lr_0 = 8.2591e-04
Loss = 9.4838e-01, PNorm = 37.5405, GNorm = 2.0519, lr_0 = 8.2337e-04
Loss = 9.4706e-01, PNorm = 37.6009, GNorm = 1.9488, lr_0 = 8.2084e-04
Loss = 9.2031e-01, PNorm = 37.6533, GNorm = 3.0589, lr_0 = 8.1832e-04
Loss = 8.2765e-01, PNorm = 37.7127, GNorm = 2.7058, lr_0 = 8.1580e-04
Loss = 9.6068e-01, PNorm = 37.7672, GNorm = 1.5648, lr_0 = 8.1329e-04
Loss = 8.4557e-01, PNorm = 37.8276, GNorm = 1.8113, lr_0 = 8.1079e-04
Loss = 8.5141e-01, PNorm = 37.9044, GNorm = 1.8864, lr_0 = 8.0830e-04
Loss = 8.0745e-01, PNorm = 37.9267, GNorm = 1.9837, lr_0 = 8.0581e-04
Loss = 8.3391e-01, PNorm = 37.9772, GNorm = 1.8544, lr_0 = 8.0333e-04
Loss = 9.1173e-01, PNorm = 38.0015, GNorm = 2.5002, lr_0 = 8.0086e-04
Loss = 9.3332e-01, PNorm = 38.0538, GNorm = 1.5864, lr_0 = 7.9840e-04
Loss = 9.0708e-01, PNorm = 38.1173, GNorm = 1.7409, lr_0 = 7.9594e-04
Loss = 8.4612e-01, PNorm = 38.1722, GNorm = 3.7751, lr_0 = 7.9350e-04
Loss = 8.1314e-01, PNorm = 38.2239, GNorm = 2.3171, lr_0 = 7.9106e-04
Loss = 7.4713e-01, PNorm = 38.2861, GNorm = 1.4616, lr_0 = 7.8862e-04
Loss = 8.2707e-01, PNorm = 38.3447, GNorm = 1.1966, lr_0 = 7.8620e-04
Loss = 8.5696e-01, PNorm = 38.3887, GNorm = 2.9317, lr_0 = 7.8378e-04
Loss = 7.9323e-01, PNorm = 38.4432, GNorm = 1.1650, lr_0 = 7.8137e-04
Validation rmse = 1.059035
Epoch 5
Loss = 8.2075e-01, PNorm = 38.5059, GNorm = 1.1207, lr_0 = 7.7897e-04
Loss = 8.6445e-01, PNorm = 38.5628, GNorm = 2.2518, lr_0 = 7.7657e-04
Loss = 8.3785e-01, PNorm = 38.6161, GNorm = 1.7991, lr_0 = 7.7418e-04
Loss = 9.5370e-01, PNorm = 38.6669, GNorm = 1.6444, lr_0 = 7.7180e-04
Loss = 8.2102e-01, PNorm = 38.7068, GNorm = 1.6297, lr_0 = 7.6943e-04
Loss = 9.2213e-01, PNorm = 38.7534, GNorm = 2.0692, lr_0 = 7.6706e-04
Loss = 8.9179e-01, PNorm = 38.8330, GNorm = 2.1570, lr_0 = 7.6470e-04
Loss = 7.8917e-01, PNorm = 38.8869, GNorm = 2.0500, lr_0 = 7.6235e-04
Loss = 8.9271e-01, PNorm = 38.9491, GNorm = 2.6390, lr_0 = 7.6001e-04
Loss = 9.8717e-01, PNorm = 39.0108, GNorm = 2.3836, lr_0 = 7.5767e-04
Loss = 8.8039e-01, PNorm = 39.0710, GNorm = 2.6257, lr_0 = 7.5534e-04
Loss = 7.6260e-01, PNorm = 39.1333, GNorm = 1.6737, lr_0 = 7.5302e-04
Loss = 8.4116e-01, PNorm = 39.1897, GNorm = 1.3140, lr_0 = 7.5070e-04
Loss = 8.7777e-01, PNorm = 39.2331, GNorm = 2.3312, lr_0 = 7.4839e-04
Loss = 8.5312e-01, PNorm = 39.2874, GNorm = 1.7882, lr_0 = 7.4609e-04
Loss = 7.3172e-01, PNorm = 39.3320, GNorm = 1.5978, lr_0 = 7.4380e-04
Loss = 7.5959e-01, PNorm = 39.3806, GNorm = 2.5235, lr_0 = 7.4151e-04
Loss = 9.3313e-01, PNorm = 39.4439, GNorm = 4.0753, lr_0 = 7.3923e-04
Loss = 8.7904e-01, PNorm = 39.4959, GNorm = 1.7395, lr_0 = 7.3696e-04
Loss = 8.0037e-01, PNorm = 39.5409, GNorm = 2.6692, lr_0 = 7.3469e-04
Loss = 7.6091e-01, PNorm = 39.5874, GNorm = 1.7861, lr_0 = 7.3243e-04
Loss = 7.9650e-01, PNorm = 39.6344, GNorm = 1.7956, lr_0 = 7.3018e-04
Loss = 7.4837e-01, PNorm = 39.6696, GNorm = 1.5818, lr_0 = 7.2793e-04
Loss = 7.7188e-01, PNorm = 39.7223, GNorm = 1.4066, lr_0 = 7.2570e-04
Loss = 9.4297e-01, PNorm = 39.7784, GNorm = 1.6572, lr_0 = 7.2346e-04
Loss = 8.2286e-01, PNorm = 39.8212, GNorm = 2.4328, lr_0 = 7.2124e-04
Loss = 8.4467e-01, PNorm = 39.8608, GNorm = 1.5423, lr_0 = 7.1902e-04
Validation rmse = 1.053430
Epoch 6
Loss = 8.4355e-01, PNorm = 39.9414, GNorm = 3.3544, lr_0 = 7.1659e-04
Loss = 8.4655e-01, PNorm = 40.0002, GNorm = 2.9718, lr_0 = 7.1439e-04
Loss = 8.1852e-01, PNorm = 40.0450, GNorm = 1.8901, lr_0 = 7.1219e-04
Loss = 7.7268e-01, PNorm = 40.0959, GNorm = 1.9340, lr_0 = 7.1000e-04
Loss = 8.2147e-01, PNorm = 40.1450, GNorm = 2.3283, lr_0 = 7.0781e-04
Loss = 8.4646e-01, PNorm = 40.1772, GNorm = 2.2128, lr_0 = 7.0564e-04
Loss = 7.8343e-01, PNorm = 40.2268, GNorm = 1.9860, lr_0 = 7.0347e-04
Loss = 7.7162e-01, PNorm = 40.2937, GNorm = 2.0542, lr_0 = 7.0130e-04
Loss = 9.0235e-01, PNorm = 40.3444, GNorm = 1.9729, lr_0 = 6.9915e-04
Loss = 8.0808e-01, PNorm = 40.3893, GNorm = 1.8088, lr_0 = 6.9700e-04
Loss = 8.4678e-01, PNorm = 40.4178, GNorm = 1.8232, lr_0 = 6.9485e-04
Loss = 9.3977e-01, PNorm = 40.4641, GNorm = 3.1700, lr_0 = 6.9272e-04
Loss = 7.2177e-01, PNorm = 40.5379, GNorm = 2.7005, lr_0 = 6.9059e-04
Loss = 9.5580e-01, PNorm = 40.5857, GNorm = 3.1243, lr_0 = 6.8846e-04
Loss = 7.0841e-01, PNorm = 40.6272, GNorm = 2.5441, lr_0 = 6.8635e-04
Loss = 8.0891e-01, PNorm = 40.6498, GNorm = 1.5186, lr_0 = 6.8424e-04
Loss = 7.9335e-01, PNorm = 40.6865, GNorm = 1.2960, lr_0 = 6.8213e-04
Loss = 8.3405e-01, PNorm = 40.7338, GNorm = 2.4575, lr_0 = 6.8003e-04
Loss = 8.7727e-01, PNorm = 40.7818, GNorm = 1.6293, lr_0 = 6.7794e-04
Loss = 7.4728e-01, PNorm = 40.8238, GNorm = 1.3246, lr_0 = 6.7586e-04
Loss = 6.9216e-01, PNorm = 40.8763, GNorm = 2.7117, lr_0 = 6.7378e-04
Loss = 7.9191e-01, PNorm = 40.9174, GNorm = 2.3471, lr_0 = 6.7171e-04
Loss = 7.8285e-01, PNorm = 40.9797, GNorm = 1.7455, lr_0 = 6.6964e-04
Loss = 8.3698e-01, PNorm = 41.0301, GNorm = 1.2121, lr_0 = 6.6758e-04
Loss = 7.7895e-01, PNorm = 41.0616, GNorm = 2.1683, lr_0 = 6.6553e-04
Loss = 8.3085e-01, PNorm = 41.0973, GNorm = 1.9604, lr_0 = 6.6348e-04
Loss = 7.7156e-01, PNorm = 41.1218, GNorm = 1.3893, lr_0 = 6.6144e-04
Loss = 6.5056e-01, PNorm = 41.1243, GNorm = 2.9821, lr_0 = 6.6124e-04
Validation rmse = 1.019188
Epoch 7
Loss = 6.7943e-01, PNorm = 41.1477, GNorm = 1.6591, lr_0 = 6.5921e-04
Loss = 7.0485e-01, PNorm = 41.1880, GNorm = 1.2511, lr_0 = 6.5718e-04
Loss = 7.2735e-01, PNorm = 41.2447, GNorm = 1.7959, lr_0 = 6.5516e-04
Loss = 8.9598e-01, PNorm = 41.2975, GNorm = 2.3983, lr_0 = 6.5314e-04
Loss = 7.3714e-01, PNorm = 41.3469, GNorm = 1.5435, lr_0 = 6.5113e-04
Loss = 9.4383e-01, PNorm = 41.3737, GNorm = 2.4373, lr_0 = 6.4913e-04
Loss = 7.2384e-01, PNorm = 41.4235, GNorm = 2.0517, lr_0 = 6.4714e-04
Loss = 7.5659e-01, PNorm = 41.4618, GNorm = 1.3713, lr_0 = 6.4515e-04
Loss = 8.3326e-01, PNorm = 41.4783, GNorm = 1.6326, lr_0 = 6.4316e-04
Loss = 8.0348e-01, PNorm = 41.5158, GNorm = 4.1366, lr_0 = 6.4118e-04
Loss = 8.6200e-01, PNorm = 41.5660, GNorm = 1.7626, lr_0 = 6.3921e-04
Loss = 8.5837e-01, PNorm = 41.5897, GNorm = 2.5062, lr_0 = 6.3725e-04
Loss = 7.1522e-01, PNorm = 41.6296, GNorm = 2.2237, lr_0 = 6.3529e-04
Loss = 6.8799e-01, PNorm = 41.6443, GNorm = 1.4834, lr_0 = 6.3333e-04
Loss = 8.5182e-01, PNorm = 41.6807, GNorm = 2.9861, lr_0 = 6.3139e-04
Loss = 7.4054e-01, PNorm = 41.7360, GNorm = 1.8832, lr_0 = 6.2944e-04
Loss = 7.9321e-01, PNorm = 41.7778, GNorm = 2.5266, lr_0 = 6.2751e-04
Loss = 7.5210e-01, PNorm = 41.8178, GNorm = 1.6981, lr_0 = 6.2558e-04
Loss = 7.9318e-01, PNorm = 41.8578, GNorm = 1.2949, lr_0 = 6.2365e-04
Loss = 7.6071e-01, PNorm = 41.8819, GNorm = 2.3369, lr_0 = 6.2174e-04
Loss = 8.2403e-01, PNorm = 41.9153, GNorm = 2.6459, lr_0 = 6.1982e-04
Loss = 8.1754e-01, PNorm = 41.9545, GNorm = 2.2340, lr_0 = 6.1792e-04
Loss = 8.3688e-01, PNorm = 41.9804, GNorm = 1.7791, lr_0 = 6.1602e-04
Loss = 7.6046e-01, PNorm = 42.0107, GNorm = 2.7349, lr_0 = 6.1412e-04
Loss = 7.3367e-01, PNorm = 42.0481, GNorm = 2.0467, lr_0 = 6.1223e-04
Loss = 8.8962e-01, PNorm = 42.0906, GNorm = 2.9774, lr_0 = 6.1035e-04
Validation rmse = 1.046672
Epoch 8
Loss = 7.3067e-01, PNorm = 42.1235, GNorm = 1.3854, lr_0 = 6.0829e-04
Loss = 8.3650e-01, PNorm = 42.1687, GNorm = 1.4375, lr_0 = 6.0642e-04
Loss = 8.7246e-01, PNorm = 42.2077, GNorm = 1.8803, lr_0 = 6.0455e-04
Loss = 7.7474e-01, PNorm = 42.2360, GNorm = 2.2780, lr_0 = 6.0269e-04
Loss = 6.0625e-01, PNorm = 42.2665, GNorm = 1.2617, lr_0 = 6.0084e-04
Loss = 8.0818e-01, PNorm = 42.3049, GNorm = 1.7599, lr_0 = 5.9899e-04
Loss = 7.4100e-01, PNorm = 42.3454, GNorm = 1.6814, lr_0 = 5.9715e-04
Loss = 8.0277e-01, PNorm = 42.3767, GNorm = 2.2066, lr_0 = 5.9531e-04
Loss = 6.8737e-01, PNorm = 42.4055, GNorm = 1.8044, lr_0 = 5.9348e-04
Loss = 6.6327e-01, PNorm = 42.4202, GNorm = 1.5821, lr_0 = 5.9166e-04
Loss = 7.0583e-01, PNorm = 42.4437, GNorm = 1.3086, lr_0 = 5.8984e-04
Loss = 9.3150e-01, PNorm = 42.4729, GNorm = 1.7527, lr_0 = 5.8802e-04
Loss = 9.2050e-01, PNorm = 42.5115, GNorm = 2.7812, lr_0 = 5.8622e-04
Loss = 6.9760e-01, PNorm = 42.5492, GNorm = 1.6192, lr_0 = 5.8441e-04
Loss = 6.8873e-01, PNorm = 42.5776, GNorm = 2.0853, lr_0 = 5.8262e-04
Loss = 7.3492e-01, PNorm = 42.6025, GNorm = 2.4351, lr_0 = 5.8082e-04
Loss = 7.5892e-01, PNorm = 42.6383, GNorm = 2.1321, lr_0 = 5.7904e-04
Loss = 5.9094e-01, PNorm = 42.6831, GNorm = 1.4991, lr_0 = 5.7726e-04
Loss = 8.7825e-01, PNorm = 42.7062, GNorm = 2.3190, lr_0 = 5.7548e-04
Loss = 7.6857e-01, PNorm = 42.7232, GNorm = 1.6135, lr_0 = 5.7371e-04
Loss = 6.9931e-01, PNorm = 42.7371, GNorm = 1.4803, lr_0 = 5.7195e-04
Loss = 8.0361e-01, PNorm = 42.7694, GNorm = 1.5425, lr_0 = 5.7019e-04
Loss = 7.1795e-01, PNorm = 42.7977, GNorm = 1.1823, lr_0 = 5.6844e-04
Loss = 7.9739e-01, PNorm = 42.8265, GNorm = 1.4824, lr_0 = 5.6669e-04
Loss = 8.4306e-01, PNorm = 42.8621, GNorm = 3.0282, lr_0 = 5.6495e-04
Loss = 7.6420e-01, PNorm = 42.8958, GNorm = 1.8767, lr_0 = 5.6321e-04
Loss = 7.4108e-01, PNorm = 42.9170, GNorm = 1.4543, lr_0 = 5.6148e-04
Validation rmse = 1.171032
Epoch 9
Loss = 7.7602e-01, PNorm = 42.9443, GNorm = 1.6371, lr_0 = 5.5975e-04
Loss = 8.2986e-01, PNorm = 42.9864, GNorm = 2.3881, lr_0 = 5.5803e-04
Loss = 7.3658e-01, PNorm = 43.0253, GNorm = 1.6008, lr_0 = 5.5631e-04
Loss = 6.8064e-01, PNorm = 43.0643, GNorm = 2.1627, lr_0 = 5.5460e-04
Loss = 6.6551e-01, PNorm = 43.0855, GNorm = 1.7203, lr_0 = 5.5290e-04
Loss = 7.3924e-01, PNorm = 43.1226, GNorm = 2.1535, lr_0 = 5.5120e-04
Loss = 9.3902e-01, PNorm = 43.1504, GNorm = 2.2394, lr_0 = 5.4950e-04
Loss = 7.4903e-01, PNorm = 43.1845, GNorm = 1.9025, lr_0 = 5.4781e-04
Loss = 6.9519e-01, PNorm = 43.2090, GNorm = 1.4908, lr_0 = 5.4613e-04
Loss = 8.1217e-01, PNorm = 43.2315, GNorm = 5.5827, lr_0 = 5.4445e-04
Loss = 7.6965e-01, PNorm = 43.2689, GNorm = 2.4675, lr_0 = 5.4277e-04
Loss = 7.3693e-01, PNorm = 43.2968, GNorm = 2.3901, lr_0 = 5.4110e-04
Loss = 7.8032e-01, PNorm = 43.3019, GNorm = 1.5053, lr_0 = 5.3944e-04
Loss = 6.5954e-01, PNorm = 43.3193, GNorm = 1.5763, lr_0 = 5.3778e-04
Loss = 7.0015e-01, PNorm = 43.3483, GNorm = 1.5785, lr_0 = 5.3613e-04
Loss = 6.8274e-01, PNorm = 43.3775, GNorm = 2.6077, lr_0 = 5.3448e-04
Loss = 6.7520e-01, PNorm = 43.4002, GNorm = 1.3904, lr_0 = 5.3283e-04
Loss = 7.3544e-01, PNorm = 43.4139, GNorm = 1.5410, lr_0 = 5.3120e-04
Loss = 6.7446e-01, PNorm = 43.4356, GNorm = 3.2666, lr_0 = 5.2956e-04
Loss = 7.9587e-01, PNorm = 43.4612, GNorm = 2.2666, lr_0 = 5.2793e-04
Loss = 8.4080e-01, PNorm = 43.4862, GNorm = 2.8818, lr_0 = 5.2631e-04
Loss = 7.3744e-01, PNorm = 43.5136, GNorm = 2.4892, lr_0 = 5.2469e-04
Loss = 7.5194e-01, PNorm = 43.5363, GNorm = 1.2497, lr_0 = 5.2308e-04
Loss = 7.3833e-01, PNorm = 43.5566, GNorm = 1.7319, lr_0 = 5.2147e-04
Loss = 6.1035e-01, PNorm = 43.5870, GNorm = 1.5119, lr_0 = 5.1987e-04
Loss = 8.4373e-01, PNorm = 43.6132, GNorm = 2.5872, lr_0 = 5.1827e-04
Loss = 7.8335e-01, PNorm = 43.6487, GNorm = 1.6171, lr_0 = 5.1667e-04
Validation rmse = 1.076021
Epoch 10
Loss = 6.4880e-01, PNorm = 43.6868, GNorm = 1.1455, lr_0 = 5.1493e-04
Loss = 6.1628e-01, PNorm = 43.7105, GNorm = 1.3277, lr_0 = 5.1334e-04
Loss = 8.3590e-01, PNorm = 43.7287, GNorm = 2.2391, lr_0 = 5.1176e-04
Loss = 8.1011e-01, PNorm = 43.7511, GNorm = 1.7198, lr_0 = 5.1019e-04
Loss = 6.5184e-01, PNorm = 43.7752, GNorm = 2.3001, lr_0 = 5.0862e-04
Loss = 7.4971e-01, PNorm = 43.7924, GNorm = 1.4071, lr_0 = 5.0706e-04
Loss = 6.4804e-01, PNorm = 43.8158, GNorm = 1.9828, lr_0 = 5.0550e-04
Loss = 6.8131e-01, PNorm = 43.8486, GNorm = 1.6485, lr_0 = 5.0394e-04
Loss = 6.8710e-01, PNorm = 43.8690, GNorm = 1.5758, lr_0 = 5.0239e-04
Loss = 7.6645e-01, PNorm = 43.8870, GNorm = 2.2997, lr_0 = 5.0085e-04
Loss = 7.6796e-01, PNorm = 43.8990, GNorm = 1.9923, lr_0 = 4.9931e-04
Loss = 6.1162e-01, PNorm = 43.9120, GNorm = 1.7838, lr_0 = 4.9777e-04
Loss = 7.4780e-01, PNorm = 43.9375, GNorm = 3.2940, lr_0 = 4.9624e-04
Loss = 7.2370e-01, PNorm = 43.9649, GNorm = 3.1385, lr_0 = 4.9472e-04
Loss = 7.6684e-01, PNorm = 44.0029, GNorm = 2.4176, lr_0 = 4.9319e-04
Loss = 6.7806e-01, PNorm = 44.0311, GNorm = 1.3296, lr_0 = 4.9168e-04
Loss = 7.5504e-01, PNorm = 44.0445, GNorm = 1.7579, lr_0 = 4.9017e-04
Loss = 6.8635e-01, PNorm = 44.0839, GNorm = 1.6984, lr_0 = 4.8866e-04
Loss = 8.2412e-01, PNorm = 44.1165, GNorm = 1.8199, lr_0 = 4.8716e-04
Loss = 7.4120e-01, PNorm = 44.1252, GNorm = 2.7884, lr_0 = 4.8566e-04
Loss = 7.8516e-01, PNorm = 44.1346, GNorm = 2.3662, lr_0 = 4.8416e-04
Loss = 6.7037e-01, PNorm = 44.1526, GNorm = 1.3253, lr_0 = 4.8267e-04
Loss = 6.3722e-01, PNorm = 44.1825, GNorm = 1.9595, lr_0 = 4.8119e-04
Loss = 7.7893e-01, PNorm = 44.2160, GNorm = 1.2029, lr_0 = 4.7971e-04
Loss = 8.4410e-01, PNorm = 44.2502, GNorm = 2.5120, lr_0 = 4.7824e-04
Loss = 7.8938e-01, PNorm = 44.2631, GNorm = 1.7906, lr_0 = 4.7676e-04
Validation rmse = 1.139388
Epoch 11
Loss = 6.4225e-01, PNorm = 44.2785, GNorm = 2.1922, lr_0 = 4.7515e-04
Loss = 6.5068e-01, PNorm = 44.3121, GNorm = 1.1373, lr_0 = 4.7369e-04
Loss = 7.4822e-01, PNorm = 44.3455, GNorm = 1.1075, lr_0 = 4.7223e-04
Loss = 7.4345e-01, PNorm = 44.3624, GNorm = 2.6947, lr_0 = 4.7078e-04
Loss = 6.5601e-01, PNorm = 44.3856, GNorm = 1.7735, lr_0 = 4.6933e-04
Loss = 5.3626e-01, PNorm = 44.4112, GNorm = 1.4133, lr_0 = 4.6789e-04
Loss = 6.9944e-01, PNorm = 44.4358, GNorm = 1.8716, lr_0 = 4.6645e-04
Loss = 7.3334e-01, PNorm = 44.4512, GNorm = 2.6311, lr_0 = 4.6502e-04
Loss = 7.8442e-01, PNorm = 44.4802, GNorm = 2.1131, lr_0 = 4.6359e-04
Loss = 8.1149e-01, PNorm = 44.5080, GNorm = 1.9822, lr_0 = 4.6216e-04
Loss = 7.6049e-01, PNorm = 44.5258, GNorm = 2.0395, lr_0 = 4.6074e-04
Loss = 7.8921e-01, PNorm = 44.5536, GNorm = 3.4313, lr_0 = 4.5932e-04
Loss = 7.2255e-01, PNorm = 44.5794, GNorm = 1.9672, lr_0 = 4.5791e-04
Loss = 5.4771e-01, PNorm = 44.6109, GNorm = 1.3464, lr_0 = 4.5650e-04
Loss = 7.2776e-01, PNorm = 44.6183, GNorm = 1.7710, lr_0 = 4.5510e-04
Loss = 7.0810e-01, PNorm = 44.6244, GNorm = 1.6117, lr_0 = 4.5370e-04
Loss = 7.2975e-01, PNorm = 44.6315, GNorm = 1.4606, lr_0 = 4.5230e-04
Loss = 7.3555e-01, PNorm = 44.6509, GNorm = 1.9319, lr_0 = 4.5091e-04
Loss = 6.9171e-01, PNorm = 44.6683, GNorm = 1.7525, lr_0 = 4.4953e-04
Loss = 6.9343e-01, PNorm = 44.6910, GNorm = 2.2251, lr_0 = 4.4814e-04
Loss = 6.7491e-01, PNorm = 44.7019, GNorm = 1.6824, lr_0 = 4.4677e-04
Loss = 7.1926e-01, PNorm = 44.7147, GNorm = 1.5679, lr_0 = 4.4539e-04
Loss = 7.1268e-01, PNorm = 44.7307, GNorm = 2.0397, lr_0 = 4.4402e-04
Loss = 6.7545e-01, PNorm = 44.7500, GNorm = 1.4384, lr_0 = 4.4266e-04
Loss = 7.7441e-01, PNorm = 44.7764, GNorm = 2.3644, lr_0 = 4.4130e-04
Loss = 6.8478e-01, PNorm = 44.8022, GNorm = 1.3784, lr_0 = 4.3994e-04
Loss = 6.9606e-01, PNorm = 44.8156, GNorm = 1.9828, lr_0 = 4.3859e-04
Validation rmse = 1.082367
Epoch 12
Loss = 5.0920e-01, PNorm = 44.8406, GNorm = 1.7636, lr_0 = 4.3710e-04
Loss = 6.5157e-01, PNorm = 44.8584, GNorm = 2.9448, lr_0 = 4.3576e-04
Loss = 7.6296e-01, PNorm = 44.8737, GNorm = 2.0146, lr_0 = 4.3442e-04
Loss = 6.4305e-01, PNorm = 44.8961, GNorm = 1.4705, lr_0 = 4.3308e-04
Loss = 5.9166e-01, PNorm = 44.9095, GNorm = 2.0419, lr_0 = 4.3175e-04
Loss = 6.3142e-01, PNorm = 44.9157, GNorm = 1.4529, lr_0 = 4.3042e-04
Loss = 8.7755e-01, PNorm = 44.9416, GNorm = 1.8313, lr_0 = 4.2910e-04
Loss = 7.7030e-01, PNorm = 44.9589, GNorm = 2.1459, lr_0 = 4.2778e-04
Loss = 7.5318e-01, PNorm = 44.9802, GNorm = 1.3863, lr_0 = 4.2646e-04
Loss = 7.6966e-01, PNorm = 45.0032, GNorm = 2.2820, lr_0 = 4.2515e-04
Loss = 6.5658e-01, PNorm = 45.0186, GNorm = 1.6264, lr_0 = 4.2384e-04
Loss = 6.3070e-01, PNorm = 45.0387, GNorm = 1.9504, lr_0 = 4.2254e-04
Loss = 6.3414e-01, PNorm = 45.0652, GNorm = 1.7123, lr_0 = 4.2124e-04
Loss = 6.1246e-01, PNorm = 45.0869, GNorm = 2.4772, lr_0 = 4.1995e-04
Loss = 8.4195e-01, PNorm = 45.0960, GNorm = 1.7303, lr_0 = 4.1866e-04
Loss = 7.5031e-01, PNorm = 45.1084, GNorm = 3.5165, lr_0 = 4.1737e-04
Loss = 7.0026e-01, PNorm = 45.1217, GNorm = 1.9133, lr_0 = 4.1608e-04
Loss = 7.2505e-01, PNorm = 45.1406, GNorm = 1.4945, lr_0 = 4.1480e-04
Loss = 6.1508e-01, PNorm = 45.1652, GNorm = 1.5498, lr_0 = 4.1353e-04
Loss = 6.2488e-01, PNorm = 45.1790, GNorm = 1.5838, lr_0 = 4.1226e-04
Loss = 7.8359e-01, PNorm = 45.2024, GNorm = 2.6636, lr_0 = 4.1099e-04
Loss = 7.1107e-01, PNorm = 45.2306, GNorm = 2.4356, lr_0 = 4.0973e-04
Loss = 5.9541e-01, PNorm = 45.2538, GNorm = 1.3516, lr_0 = 4.0847e-04
Loss = 7.1800e-01, PNorm = 45.2760, GNorm = 2.2041, lr_0 = 4.0721e-04
Loss = 6.9671e-01, PNorm = 45.2904, GNorm = 1.1141, lr_0 = 4.0596e-04
Loss = 6.9267e-01, PNorm = 45.3069, GNorm = 2.0326, lr_0 = 4.0471e-04
Loss = 7.1350e-01, PNorm = 45.3272, GNorm = 2.2812, lr_0 = 4.0346e-04
Validation rmse = 1.072370
Epoch 13
Loss = 5.9624e-01, PNorm = 45.3407, GNorm = 3.4639, lr_0 = 4.0222e-04
Loss = 6.7346e-01, PNorm = 45.3645, GNorm = 1.7431, lr_0 = 4.0099e-04
Loss = 7.1171e-01, PNorm = 45.3839, GNorm = 1.2896, lr_0 = 3.9975e-04
Loss = 6.6257e-01, PNorm = 45.4016, GNorm = 1.7630, lr_0 = 3.9852e-04
Loss = 7.4846e-01, PNorm = 45.4127, GNorm = 1.2942, lr_0 = 3.9730e-04
Loss = 6.7997e-01, PNorm = 45.4275, GNorm = 2.1724, lr_0 = 3.9608e-04
Loss = 6.9903e-01, PNorm = 45.4503, GNorm = 1.3412, lr_0 = 3.9486e-04
Loss = 6.0649e-01, PNorm = 45.4699, GNorm = 1.6176, lr_0 = 3.9364e-04
Loss = 7.1277e-01, PNorm = 45.4793, GNorm = 2.2881, lr_0 = 3.9243e-04
Loss = 6.9645e-01, PNorm = 45.4975, GNorm = 1.6183, lr_0 = 3.9123e-04
Loss = 6.5037e-01, PNorm = 45.5152, GNorm = 1.9961, lr_0 = 3.9002e-04
Loss = 7.5433e-01, PNorm = 45.5384, GNorm = 1.6536, lr_0 = 3.8882e-04
Loss = 6.8246e-01, PNorm = 45.5563, GNorm = 1.7288, lr_0 = 3.8763e-04
Loss = 7.8501e-01, PNorm = 45.5757, GNorm = 1.4825, lr_0 = 3.8644e-04
Loss = 6.4680e-01, PNorm = 45.5928, GNorm = 1.3347, lr_0 = 3.8525e-04
Loss = 6.7152e-01, PNorm = 45.6053, GNorm = 1.9538, lr_0 = 3.8406e-04
Loss = 6.9944e-01, PNorm = 45.6192, GNorm = 1.3796, lr_0 = 3.8288e-04
Loss = 6.0331e-01, PNorm = 45.6307, GNorm = 2.0907, lr_0 = 3.8171e-04
Loss = 7.3959e-01, PNorm = 45.6516, GNorm = 2.4706, lr_0 = 3.8053e-04
Loss = 6.3482e-01, PNorm = 45.6748, GNorm = 1.9280, lr_0 = 3.7936e-04
Loss = 6.3074e-01, PNorm = 45.6876, GNorm = 1.4076, lr_0 = 3.7819e-04
Loss = 7.1981e-01, PNorm = 45.6994, GNorm = 1.7595, lr_0 = 3.7703e-04
Loss = 6.8866e-01, PNorm = 45.7069, GNorm = 2.2113, lr_0 = 3.7587e-04
Loss = 8.2638e-01, PNorm = 45.7169, GNorm = 3.4750, lr_0 = 3.7472e-04
Loss = 6.3677e-01, PNorm = 45.7295, GNorm = 1.4799, lr_0 = 3.7356e-04
Loss = 6.4073e-01, PNorm = 45.7495, GNorm = 3.3482, lr_0 = 3.7242e-04
Loss = 6.0412e-01, PNorm = 45.7649, GNorm = 1.3715, lr_0 = 3.7127e-04
Validation rmse = 1.075096
Epoch 14
Loss = 5.7074e-01, PNorm = 45.7737, GNorm = 1.5681, lr_0 = 3.7001e-04
Loss = 6.2646e-01, PNorm = 45.7858, GNorm = 1.9201, lr_0 = 3.6888e-04
Loss = 6.6051e-01, PNorm = 45.8031, GNorm = 1.4538, lr_0 = 3.6774e-04
Loss = 6.7245e-01, PNorm = 45.8222, GNorm = 2.1683, lr_0 = 3.6661e-04
Loss = 6.5237e-01, PNorm = 45.8428, GNorm = 1.7023, lr_0 = 3.6548e-04
Loss = 6.3486e-01, PNorm = 45.8558, GNorm = 1.6661, lr_0 = 3.6436e-04
Loss = 5.6557e-01, PNorm = 45.8702, GNorm = 2.0090, lr_0 = 3.6324e-04
Loss = 6.5074e-01, PNorm = 45.8821, GNorm = 2.2254, lr_0 = 3.6212e-04
Loss = 6.5179e-01, PNorm = 45.8891, GNorm = 1.3309, lr_0 = 3.6101e-04
Loss = 7.9010e-01, PNorm = 45.9034, GNorm = 2.4770, lr_0 = 3.5990e-04
Loss = 5.9200e-01, PNorm = 45.9209, GNorm = 2.6225, lr_0 = 3.5879e-04
Loss = 6.2430e-01, PNorm = 45.9421, GNorm = 2.7464, lr_0 = 3.5769e-04
Loss = 6.7446e-01, PNorm = 45.9541, GNorm = 1.7811, lr_0 = 3.5659e-04
Loss = 7.6505e-01, PNorm = 45.9652, GNorm = 1.9917, lr_0 = 3.5549e-04
Loss = 6.6189e-01, PNorm = 45.9753, GNorm = 3.6134, lr_0 = 3.5440e-04
Loss = 6.8540e-01, PNorm = 45.9851, GNorm = 1.8420, lr_0 = 3.5331e-04
Loss = 5.7198e-01, PNorm = 45.9952, GNorm = 1.1588, lr_0 = 3.5222e-04
Loss = 7.3030e-01, PNorm = 46.0104, GNorm = 2.1715, lr_0 = 3.5114e-04
Loss = 7.8092e-01, PNorm = 46.0309, GNorm = 1.9758, lr_0 = 3.5006e-04
Loss = 6.0590e-01, PNorm = 46.0492, GNorm = 1.5380, lr_0 = 3.4898e-04
Loss = 6.9492e-01, PNorm = 46.0566, GNorm = 2.2776, lr_0 = 3.4791e-04
Loss = 6.5510e-01, PNorm = 46.0727, GNorm = 2.6822, lr_0 = 3.4684e-04
Loss = 7.4492e-01, PNorm = 46.0980, GNorm = 2.1930, lr_0 = 3.4577e-04
Loss = 6.8305e-01, PNorm = 46.1147, GNorm = 1.7133, lr_0 = 3.4471e-04
Loss = 6.8626e-01, PNorm = 46.1313, GNorm = 1.5794, lr_0 = 3.4365e-04
Loss = 7.0795e-01, PNorm = 46.1475, GNorm = 2.0457, lr_0 = 3.4259e-04
Validation rmse = 1.130500
Epoch 15
Loss = 9.9221e-01, PNorm = 46.1589, GNorm = 4.0039, lr_0 = 3.4143e-04
Loss = 7.2877e-01, PNorm = 46.1757, GNorm = 2.1649, lr_0 = 3.4038e-04
Loss = 5.6843e-01, PNorm = 46.1996, GNorm = 1.0407, lr_0 = 3.3934e-04
Loss = 7.3076e-01, PNorm = 46.2170, GNorm = 1.6731, lr_0 = 3.3829e-04
Loss = 6.9489e-01, PNorm = 46.2340, GNorm = 1.5046, lr_0 = 3.3725e-04
Loss = 6.0341e-01, PNorm = 46.2514, GNorm = 1.5430, lr_0 = 3.3622e-04
Loss = 6.6980e-01, PNorm = 46.2690, GNorm = 1.7576, lr_0 = 3.3518e-04
Loss = 5.5578e-01, PNorm = 46.2819, GNorm = 2.3972, lr_0 = 3.3415e-04
Loss = 6.1045e-01, PNorm = 46.2883, GNorm = 1.8977, lr_0 = 3.3312e-04
Loss = 6.8898e-01, PNorm = 46.3030, GNorm = 2.4001, lr_0 = 3.3210e-04
Loss = 6.9493e-01, PNorm = 46.3151, GNorm = 2.0117, lr_0 = 3.3108e-04
Loss = 6.7752e-01, PNorm = 46.3330, GNorm = 1.6940, lr_0 = 3.3006e-04
Loss = 6.6758e-01, PNorm = 46.3461, GNorm = 2.1991, lr_0 = 3.2904e-04
Loss = 6.8656e-01, PNorm = 46.3609, GNorm = 1.3547, lr_0 = 3.2803e-04
Loss = 6.3781e-01, PNorm = 46.3773, GNorm = 1.1869, lr_0 = 3.2702e-04
Loss = 6.3669e-01, PNorm = 46.3910, GNorm = 1.6100, lr_0 = 3.2602e-04
Loss = 6.1881e-01, PNorm = 46.4025, GNorm = 2.4028, lr_0 = 3.2502e-04
Loss = 7.0602e-01, PNorm = 46.4204, GNorm = 1.7813, lr_0 = 3.2402e-04
Loss = 5.9894e-01, PNorm = 46.4292, GNorm = 1.9956, lr_0 = 3.2302e-04
Loss = 6.8517e-01, PNorm = 46.4345, GNorm = 1.8111, lr_0 = 3.2203e-04
Loss = 6.1339e-01, PNorm = 46.4431, GNorm = 2.1193, lr_0 = 3.2104e-04
Loss = 6.0753e-01, PNorm = 46.4610, GNorm = 2.3006, lr_0 = 3.2005e-04
Loss = 6.2555e-01, PNorm = 46.4719, GNorm = 1.8785, lr_0 = 3.1906e-04
Loss = 6.0475e-01, PNorm = 46.4844, GNorm = 1.5610, lr_0 = 3.1808e-04
Loss = 6.4292e-01, PNorm = 46.4959, GNorm = 2.8156, lr_0 = 3.1711e-04
Loss = 6.8079e-01, PNorm = 46.5042, GNorm = 1.9500, lr_0 = 3.1613e-04
Loss = 7.1638e-01, PNorm = 46.5209, GNorm = 1.8666, lr_0 = 3.1516e-04
Validation rmse = 1.085273
Epoch 16
Loss = 6.5972e-01, PNorm = 46.5350, GNorm = 1.5112, lr_0 = 3.1409e-04
Loss = 5.6281e-01, PNorm = 46.5467, GNorm = 1.6299, lr_0 = 3.1313e-04
Loss = 7.7384e-01, PNorm = 46.5590, GNorm = 1.6578, lr_0 = 3.1216e-04
Loss = 5.9481e-01, PNorm = 46.5771, GNorm = 1.4591, lr_0 = 3.1120e-04
Loss = 6.9466e-01, PNorm = 46.5932, GNorm = 1.8757, lr_0 = 3.1025e-04
Loss = 7.6238e-01, PNorm = 46.6076, GNorm = 1.7704, lr_0 = 3.0929e-04
Loss = 5.9269e-01, PNorm = 46.6257, GNorm = 1.7765, lr_0 = 3.0834e-04
Loss = 6.2662e-01, PNorm = 46.6385, GNorm = 1.7330, lr_0 = 3.0739e-04
Loss = 6.6349e-01, PNorm = 46.6486, GNorm = 2.6589, lr_0 = 3.0645e-04
Loss = 5.5225e-01, PNorm = 46.6606, GNorm = 1.5359, lr_0 = 3.0551e-04
Loss = 6.5255e-01, PNorm = 46.6753, GNorm = 2.2317, lr_0 = 3.0457e-04
Loss = 5.3571e-01, PNorm = 46.6881, GNorm = 1.4586, lr_0 = 3.0363e-04
Loss = 6.4524e-01, PNorm = 46.6973, GNorm = 1.5183, lr_0 = 3.0270e-04
Loss = 6.8517e-01, PNorm = 46.7134, GNorm = 1.7630, lr_0 = 3.0176e-04
Loss = 5.7819e-01, PNorm = 46.7288, GNorm = 2.6082, lr_0 = 3.0084e-04
Loss = 6.4299e-01, PNorm = 46.7385, GNorm = 1.6624, lr_0 = 2.9991e-04
Loss = 7.3239e-01, PNorm = 46.7471, GNorm = 1.9055, lr_0 = 2.9899e-04
Loss = 6.2125e-01, PNorm = 46.7545, GNorm = 1.3863, lr_0 = 2.9807e-04
Loss = 5.9906e-01, PNorm = 46.7647, GNorm = 2.5101, lr_0 = 2.9715e-04
Loss = 6.8235e-01, PNorm = 46.7731, GNorm = 1.1863, lr_0 = 2.9624e-04
Loss = 5.6920e-01, PNorm = 46.7808, GNorm = 1.9877, lr_0 = 2.9533e-04
Loss = 6.4390e-01, PNorm = 46.7843, GNorm = 2.3587, lr_0 = 2.9442e-04
Loss = 6.7193e-01, PNorm = 46.7892, GNorm = 2.7685, lr_0 = 2.9351e-04
Loss = 6.5777e-01, PNorm = 46.8021, GNorm = 2.7344, lr_0 = 2.9261e-04
Loss = 6.4203e-01, PNorm = 46.8156, GNorm = 2.8621, lr_0 = 2.9171e-04
Loss = 6.5191e-01, PNorm = 46.8224, GNorm = 2.3195, lr_0 = 2.9082e-04
Loss = 7.0106e-01, PNorm = 46.8343, GNorm = 2.2006, lr_0 = 2.8992e-04
Validation rmse = 1.074721
Epoch 17
Loss = 6.3039e-01, PNorm = 46.8455, GNorm = 2.1979, lr_0 = 2.8903e-04
Loss = 6.5098e-01, PNorm = 46.8563, GNorm = 1.6527, lr_0 = 2.8814e-04
Loss = 5.2505e-01, PNorm = 46.8640, GNorm = 1.6727, lr_0 = 2.8725e-04
Loss = 6.7583e-01, PNorm = 46.8779, GNorm = 2.1999, lr_0 = 2.8637e-04
Loss = 5.8689e-01, PNorm = 46.9008, GNorm = 2.5377, lr_0 = 2.8549e-04
Loss = 7.0094e-01, PNorm = 46.9108, GNorm = 4.1231, lr_0 = 2.8461e-04
Loss = 6.4880e-01, PNorm = 46.9158, GNorm = 2.3458, lr_0 = 2.8374e-04
Loss = 6.1190e-01, PNorm = 46.9266, GNorm = 1.6363, lr_0 = 2.8286e-04
Loss = 5.2764e-01, PNorm = 46.9412, GNorm = 1.0230, lr_0 = 2.8199e-04
Loss = 6.8508e-01, PNorm = 46.9549, GNorm = 1.6955, lr_0 = 2.8113e-04
Loss = 6.1110e-01, PNorm = 46.9666, GNorm = 1.7954, lr_0 = 2.8026e-04
Loss = 5.7798e-01, PNorm = 46.9749, GNorm = 1.4796, lr_0 = 2.7940e-04
Loss = 6.7061e-01, PNorm = 46.9834, GNorm = 2.6025, lr_0 = 2.7854e-04
Loss = 7.0288e-01, PNorm = 46.9946, GNorm = 1.6922, lr_0 = 2.7769e-04
Loss = 6.9103e-01, PNorm = 47.0067, GNorm = 1.7413, lr_0 = 2.7683e-04
Loss = 6.4615e-01, PNorm = 47.0155, GNorm = 2.8758, lr_0 = 2.7598e-04
Loss = 6.6508e-01, PNorm = 47.0296, GNorm = 2.3193, lr_0 = 2.7513e-04
Loss = 5.2815e-01, PNorm = 47.0460, GNorm = 2.1644, lr_0 = 2.7429e-04
Loss = 7.2928e-01, PNorm = 47.0557, GNorm = 1.4527, lr_0 = 2.7344e-04
Loss = 5.9172e-01, PNorm = 47.0616, GNorm = 2.9772, lr_0 = 2.7260e-04
Loss = 5.6372e-01, PNorm = 47.0760, GNorm = 2.4365, lr_0 = 2.7176e-04
Loss = 6.1430e-01, PNorm = 47.0925, GNorm = 1.1225, lr_0 = 2.7093e-04
Loss = 5.7324e-01, PNorm = 47.1014, GNorm = 1.6760, lr_0 = 2.7009e-04
Loss = 7.0645e-01, PNorm = 47.1157, GNorm = 2.1750, lr_0 = 2.6926e-04
Loss = 6.8376e-01, PNorm = 47.1237, GNorm = 2.9491, lr_0 = 2.6843e-04
Loss = 6.1473e-01, PNorm = 47.1329, GNorm = 3.4116, lr_0 = 2.6761e-04
Loss = 6.4243e-01, PNorm = 47.1394, GNorm = 1.9534, lr_0 = 2.6679e-04
Loss = 4.2852e-01, PNorm = 47.1402, GNorm = 2.5344, lr_0 = 2.6670e-04
Validation rmse = 1.032107
Epoch 18
Loss = 4.9460e-01, PNorm = 47.1469, GNorm = 1.8621, lr_0 = 2.6588e-04
Loss = 5.5622e-01, PNorm = 47.1546, GNorm = 1.3013, lr_0 = 2.6507e-04
Loss = 5.4922e-01, PNorm = 47.1636, GNorm = 1.7666, lr_0 = 2.6425e-04
Loss = 5.9731e-01, PNorm = 47.1702, GNorm = 1.8822, lr_0 = 2.6344e-04
Loss = 6.2621e-01, PNorm = 47.1754, GNorm = 2.2133, lr_0 = 2.6263e-04
Loss = 6.7570e-01, PNorm = 47.1820, GNorm = 3.9208, lr_0 = 2.6182e-04
Loss = 6.1958e-01, PNorm = 47.1922, GNorm = 1.2692, lr_0 = 2.6102e-04
Loss = 6.7585e-01, PNorm = 47.1993, GNorm = 2.4415, lr_0 = 2.6021e-04
Loss = 5.8429e-01, PNorm = 47.2169, GNorm = 1.5484, lr_0 = 2.5941e-04
Loss = 6.6001e-01, PNorm = 47.2272, GNorm = 2.5041, lr_0 = 2.5862e-04
Loss = 6.1251e-01, PNorm = 47.2340, GNorm = 1.9934, lr_0 = 2.5782e-04
Loss = 5.9430e-01, PNorm = 47.2502, GNorm = 1.4827, lr_0 = 2.5703e-04
Loss = 7.3004e-01, PNorm = 47.2630, GNorm = 2.4977, lr_0 = 2.5624e-04
Loss = 6.9018e-01, PNorm = 47.2732, GNorm = 1.6021, lr_0 = 2.5545e-04
Loss = 6.1702e-01, PNorm = 47.2882, GNorm = 2.0375, lr_0 = 2.5466e-04
Loss = 5.9436e-01, PNorm = 47.2968, GNorm = 1.6849, lr_0 = 2.5388e-04
Loss = 5.0659e-01, PNorm = 47.3027, GNorm = 1.4896, lr_0 = 2.5310e-04
Loss = 6.0995e-01, PNorm = 47.3104, GNorm = 1.3797, lr_0 = 2.5232e-04
Loss = 7.2154e-01, PNorm = 47.3216, GNorm = 2.0465, lr_0 = 2.5154e-04
Loss = 6.8510e-01, PNorm = 47.3356, GNorm = 1.7600, lr_0 = 2.5077e-04
Loss = 6.4619e-01, PNorm = 47.3456, GNorm = 1.8604, lr_0 = 2.5000e-04
Loss = 5.8152e-01, PNorm = 47.3533, GNorm = 2.3987, lr_0 = 2.4923e-04
Loss = 6.3846e-01, PNorm = 47.3627, GNorm = 1.6374, lr_0 = 2.4846e-04
Loss = 5.6272e-01, PNorm = 47.3749, GNorm = 1.6631, lr_0 = 2.4770e-04
Loss = 5.9675e-01, PNorm = 47.3845, GNorm = 2.9904, lr_0 = 2.4694e-04
Loss = 7.0200e-01, PNorm = 47.3962, GNorm = 2.0897, lr_0 = 2.4618e-04
Validation rmse = 1.052748
Epoch 19
Loss = 6.1181e-01, PNorm = 47.4039, GNorm = 1.8955, lr_0 = 2.4535e-04
Loss = 5.6786e-01, PNorm = 47.4089, GNorm = 2.3009, lr_0 = 2.4459e-04
Loss = 6.5034e-01, PNorm = 47.4170, GNorm = 1.8882, lr_0 = 2.4384e-04
Loss = 5.4405e-01, PNorm = 47.4261, GNorm = 1.0173, lr_0 = 2.4309e-04
Loss = 5.9115e-01, PNorm = 47.4353, GNorm = 2.3847, lr_0 = 2.4234e-04
Loss = 6.1325e-01, PNorm = 47.4431, GNorm = 2.1357, lr_0 = 2.4160e-04
Loss = 5.2904e-01, PNorm = 47.4482, GNorm = 3.8741, lr_0 = 2.4085e-04
Loss = 6.6474e-01, PNorm = 47.4538, GNorm = 1.8962, lr_0 = 2.4011e-04
Loss = 5.8483e-01, PNorm = 47.4645, GNorm = 1.6655, lr_0 = 2.3938e-04
Loss = 5.3926e-01, PNorm = 47.4766, GNorm = 1.9567, lr_0 = 2.3864e-04
Loss = 6.2779e-01, PNorm = 47.4864, GNorm = 1.5179, lr_0 = 2.3791e-04
Loss = 5.9877e-01, PNorm = 47.4944, GNorm = 1.6664, lr_0 = 2.3717e-04
Loss = 5.8369e-01, PNorm = 47.5050, GNorm = 2.4046, lr_0 = 2.3644e-04
Loss = 6.3246e-01, PNorm = 47.5121, GNorm = 2.5754, lr_0 = 2.3572e-04
Loss = 5.4364e-01, PNorm = 47.5159, GNorm = 2.1271, lr_0 = 2.3499e-04
Loss = 5.2563e-01, PNorm = 47.5221, GNorm = 1.8361, lr_0 = 2.3427e-04
Loss = 5.7897e-01, PNorm = 47.5281, GNorm = 1.6488, lr_0 = 2.3355e-04
Loss = 6.9048e-01, PNorm = 47.5376, GNorm = 1.8909, lr_0 = 2.3283e-04
Loss = 5.6947e-01, PNorm = 47.5495, GNorm = 2.3623, lr_0 = 2.3212e-04
Loss = 6.0625e-01, PNorm = 47.5563, GNorm = 1.9842, lr_0 = 2.3140e-04
Loss = 5.8267e-01, PNorm = 47.5622, GNorm = 1.6608, lr_0 = 2.3069e-04
Loss = 6.9574e-01, PNorm = 47.5730, GNorm = 1.5794, lr_0 = 2.2998e-04
Loss = 5.9545e-01, PNorm = 47.5843, GNorm = 1.8165, lr_0 = 2.2927e-04
Loss = 7.2214e-01, PNorm = 47.5919, GNorm = 2.1187, lr_0 = 2.2857e-04
Loss = 7.0322e-01, PNorm = 47.5993, GNorm = 2.6507, lr_0 = 2.2787e-04
Loss = 6.8492e-01, PNorm = 47.6080, GNorm = 2.0543, lr_0 = 2.2716e-04
Loss = 6.2018e-01, PNorm = 47.6176, GNorm = 2.0200, lr_0 = 2.2647e-04
Validation rmse = 1.125874
Epoch 20
Loss = 5.7751e-01, PNorm = 47.6312, GNorm = 1.5751, lr_0 = 2.2570e-04
Loss = 5.8166e-01, PNorm = 47.6411, GNorm = 1.3825, lr_0 = 2.2501e-04
Loss = 5.5842e-01, PNorm = 47.6450, GNorm = 2.3212, lr_0 = 2.2431e-04
Loss = 6.0171e-01, PNorm = 47.6482, GNorm = 2.6105, lr_0 = 2.2362e-04
Loss = 6.1689e-01, PNorm = 47.6568, GNorm = 2.4805, lr_0 = 2.2294e-04
Loss = 5.5506e-01, PNorm = 47.6659, GNorm = 1.5453, lr_0 = 2.2225e-04
Loss = 7.3492e-01, PNorm = 47.6738, GNorm = 3.7261, lr_0 = 2.2157e-04
Loss = 6.3449e-01, PNorm = 47.6833, GNorm = 1.5967, lr_0 = 2.2089e-04
Loss = 5.3475e-01, PNorm = 47.6927, GNorm = 2.6248, lr_0 = 2.2021e-04
Loss = 6.2644e-01, PNorm = 47.7025, GNorm = 2.6374, lr_0 = 2.1953e-04
Loss = 5.5753e-01, PNorm = 47.7097, GNorm = 1.6899, lr_0 = 2.1885e-04
Loss = 5.6051e-01, PNorm = 47.7116, GNorm = 3.3859, lr_0 = 2.1818e-04
Loss = 5.5337e-01, PNorm = 47.7141, GNorm = 1.4820, lr_0 = 2.1751e-04
Loss = 6.5692e-01, PNorm = 47.7210, GNorm = 2.8356, lr_0 = 2.1684e-04
Loss = 5.3997e-01, PNorm = 47.7297, GNorm = 1.7099, lr_0 = 2.1617e-04
Loss = 6.3044e-01, PNorm = 47.7412, GNorm = 1.7474, lr_0 = 2.1551e-04
Loss = 6.4327e-01, PNorm = 47.7469, GNorm = 1.9034, lr_0 = 2.1485e-04
Loss = 5.6532e-01, PNorm = 47.7508, GNorm = 2.1446, lr_0 = 2.1419e-04
Loss = 5.8850e-01, PNorm = 47.7569, GNorm = 2.4448, lr_0 = 2.1353e-04
Loss = 6.0585e-01, PNorm = 47.7634, GNorm = 1.8131, lr_0 = 2.1287e-04
Loss = 6.5060e-01, PNorm = 47.7742, GNorm = 2.3244, lr_0 = 2.1222e-04
Loss = 6.0487e-01, PNorm = 47.7876, GNorm = 2.4773, lr_0 = 2.1156e-04
Loss = 5.9040e-01, PNorm = 47.7952, GNorm = 2.1516, lr_0 = 2.1091e-04
Loss = 6.4677e-01, PNorm = 47.8016, GNorm = 2.2228, lr_0 = 2.1026e-04
Loss = 5.8067e-01, PNorm = 47.8091, GNorm = 2.6875, lr_0 = 2.0962e-04
Loss = 6.5481e-01, PNorm = 47.8169, GNorm = 2.1446, lr_0 = 2.0897e-04
Loss = 6.2081e-01, PNorm = 47.8229, GNorm = 2.2208, lr_0 = 2.0833e-04
Validation rmse = 1.062183
Epoch 21
Loss = 5.7432e-01, PNorm = 47.8301, GNorm = 2.3785, lr_0 = 2.0769e-04
Loss = 5.1142e-01, PNorm = 47.8378, GNorm = 2.4432, lr_0 = 2.0705e-04
Loss = 5.1522e-01, PNorm = 47.8427, GNorm = 2.0363, lr_0 = 2.0641e-04
Loss = 5.6665e-01, PNorm = 47.8466, GNorm = 1.7427, lr_0 = 2.0578e-04
Loss = 5.7525e-01, PNorm = 47.8519, GNorm = 2.6401, lr_0 = 2.0515e-04
Loss = 5.8740e-01, PNorm = 47.8618, GNorm = 2.9610, lr_0 = 2.0452e-04
Loss = 5.4848e-01, PNorm = 47.8733, GNorm = 2.7408, lr_0 = 2.0389e-04
Loss = 7.3852e-01, PNorm = 47.8808, GNorm = 2.8209, lr_0 = 2.0326e-04
Loss = 6.0477e-01, PNorm = 47.8880, GNorm = 1.2690, lr_0 = 2.0264e-04
Loss = 6.0189e-01, PNorm = 47.8918, GNorm = 2.3848, lr_0 = 2.0201e-04
Loss = 5.9089e-01, PNorm = 47.8980, GNorm = 2.9969, lr_0 = 2.0139e-04
Loss = 6.3875e-01, PNorm = 47.9050, GNorm = 2.0594, lr_0 = 2.0077e-04
Loss = 6.1448e-01, PNorm = 47.9117, GNorm = 2.1136, lr_0 = 2.0015e-04
Loss = 5.7675e-01, PNorm = 47.9165, GNorm = 2.8256, lr_0 = 1.9954e-04
Loss = 6.2983e-01, PNorm = 47.9226, GNorm = 3.1076, lr_0 = 1.9892e-04
Loss = 6.0121e-01, PNorm = 47.9300, GNorm = 2.7651, lr_0 = 1.9831e-04
Loss = 5.9925e-01, PNorm = 47.9361, GNorm = 2.0403, lr_0 = 1.9770e-04
Loss = 5.8525e-01, PNorm = 47.9419, GNorm = 2.6996, lr_0 = 1.9710e-04
Loss = 7.1522e-01, PNorm = 47.9485, GNorm = 1.7561, lr_0 = 1.9649e-04
Loss = 5.4226e-01, PNorm = 47.9553, GNorm = 2.7340, lr_0 = 1.9588e-04
Loss = 5.3995e-01, PNorm = 47.9617, GNorm = 2.1397, lr_0 = 1.9528e-04
Loss = 6.5859e-01, PNorm = 47.9660, GNorm = 1.8416, lr_0 = 1.9468e-04
Loss = 5.8331e-01, PNorm = 47.9705, GNorm = 1.7586, lr_0 = 1.9408e-04
Loss = 5.9647e-01, PNorm = 47.9770, GNorm = 1.5756, lr_0 = 1.9349e-04
Loss = 6.1273e-01, PNorm = 47.9809, GNorm = 1.7931, lr_0 = 1.9289e-04
Loss = 6.0551e-01, PNorm = 47.9881, GNorm = 1.9613, lr_0 = 1.9230e-04
Validation rmse = 1.040620
Epoch 22
Loss = 2.7875e-01, PNorm = 47.9977, GNorm = 1.5814, lr_0 = 1.9165e-04
Loss = 7.3002e-01, PNorm = 48.0010, GNorm = 3.3915, lr_0 = 1.9106e-04
Loss = 6.5424e-01, PNorm = 48.0052, GNorm = 2.1176, lr_0 = 1.9047e-04
Loss = 6.2417e-01, PNorm = 48.0145, GNorm = 1.6416, lr_0 = 1.8989e-04
Loss = 5.5304e-01, PNorm = 48.0239, GNorm = 2.4127, lr_0 = 1.8930e-04
Loss = 4.8603e-01, PNorm = 48.0330, GNorm = 1.6217, lr_0 = 1.8872e-04
Loss = 6.4245e-01, PNorm = 48.0392, GNorm = 1.9184, lr_0 = 1.8814e-04
Loss = 6.1751e-01, PNorm = 48.0466, GNorm = 2.3624, lr_0 = 1.8756e-04
Loss = 6.4835e-01, PNorm = 48.0520, GNorm = 2.1266, lr_0 = 1.8698e-04
Loss = 6.3749e-01, PNorm = 48.0559, GNorm = 4.2563, lr_0 = 1.8641e-04
Loss = 5.8773e-01, PNorm = 48.0606, GNorm = 3.0873, lr_0 = 1.8584e-04
Loss = 5.8008e-01, PNorm = 48.0680, GNorm = 1.6306, lr_0 = 1.8526e-04
Loss = 5.2687e-01, PNorm = 48.0734, GNorm = 1.5355, lr_0 = 1.8469e-04
Loss = 5.1764e-01, PNorm = 48.0810, GNorm = 1.7446, lr_0 = 1.8413e-04
Loss = 5.4977e-01, PNorm = 48.0899, GNorm = 3.0111, lr_0 = 1.8356e-04
Loss = 7.2094e-01, PNorm = 48.0931, GNorm = 3.2428, lr_0 = 1.8300e-04
Loss = 6.6951e-01, PNorm = 48.0981, GNorm = 2.2645, lr_0 = 1.8243e-04
Loss = 5.7753e-01, PNorm = 48.1039, GNorm = 3.0904, lr_0 = 1.8187e-04
Loss = 6.5616e-01, PNorm = 48.1095, GNorm = 3.0806, lr_0 = 1.8131e-04
Loss = 5.6875e-01, PNorm = 48.1153, GNorm = 2.0069, lr_0 = 1.8075e-04
Loss = 5.9312e-01, PNorm = 48.1215, GNorm = 0.9874, lr_0 = 1.8020e-04
Loss = 5.5532e-01, PNorm = 48.1289, GNorm = 1.6138, lr_0 = 1.7964e-04
Loss = 5.0234e-01, PNorm = 48.1351, GNorm = 2.6620, lr_0 = 1.7909e-04
Loss = 5.0266e-01, PNorm = 48.1372, GNorm = 1.1942, lr_0 = 1.7854e-04
Loss = 6.7087e-01, PNorm = 48.1410, GNorm = 1.9486, lr_0 = 1.7799e-04
Loss = 5.4450e-01, PNorm = 48.1465, GNorm = 1.3933, lr_0 = 1.7744e-04
Loss = 5.1651e-01, PNorm = 48.1482, GNorm = 2.3640, lr_0 = 1.7690e-04
Validation rmse = 1.064521
Epoch 23
Loss = 6.1652e-01, PNorm = 48.1528, GNorm = 2.3973, lr_0 = 1.7630e-04
Loss = 5.7707e-01, PNorm = 48.1587, GNorm = 1.6689, lr_0 = 1.7576e-04
Loss = 6.0285e-01, PNorm = 48.1626, GNorm = 2.9665, lr_0 = 1.7522e-04
Loss = 5.1948e-01, PNorm = 48.1677, GNorm = 1.9335, lr_0 = 1.7468e-04
Loss = 5.4769e-01, PNorm = 48.1739, GNorm = 1.8270, lr_0 = 1.7414e-04
Loss = 5.8026e-01, PNorm = 48.1775, GNorm = 2.5262, lr_0 = 1.7361e-04
Loss = 6.4340e-01, PNorm = 48.1814, GNorm = 1.6773, lr_0 = 1.7307e-04
Loss = 6.2208e-01, PNorm = 48.1878, GNorm = 1.6503, lr_0 = 1.7254e-04
Loss = 4.9859e-01, PNorm = 48.1941, GNorm = 1.4886, lr_0 = 1.7201e-04
Loss = 5.5595e-01, PNorm = 48.2019, GNorm = 1.4943, lr_0 = 1.7148e-04
Loss = 7.6233e-01, PNorm = 48.2069, GNorm = 1.5774, lr_0 = 1.7095e-04
Loss = 6.4876e-01, PNorm = 48.2120, GNorm = 2.0319, lr_0 = 1.7043e-04
Loss = 5.8958e-01, PNorm = 48.2173, GNorm = 2.2724, lr_0 = 1.6990e-04
Loss = 6.0330e-01, PNorm = 48.2261, GNorm = 1.8507, lr_0 = 1.6938e-04
Loss = 5.3182e-01, PNorm = 48.2324, GNorm = 1.9030, lr_0 = 1.6886e-04
Loss = 5.8466e-01, PNorm = 48.2373, GNorm = 1.7828, lr_0 = 1.6834e-04
Loss = 5.6190e-01, PNorm = 48.2437, GNorm = 1.8740, lr_0 = 1.6782e-04
Loss = 5.2677e-01, PNorm = 48.2468, GNorm = 1.8107, lr_0 = 1.6731e-04
Loss = 5.8727e-01, PNorm = 48.2549, GNorm = 2.4948, lr_0 = 1.6679e-04
Loss = 6.5138e-01, PNorm = 48.2599, GNorm = 3.8269, lr_0 = 1.6628e-04
Loss = 4.5905e-01, PNorm = 48.2651, GNorm = 1.1744, lr_0 = 1.6577e-04
Loss = 6.5527e-01, PNorm = 48.2693, GNorm = 1.4989, lr_0 = 1.6526e-04
Loss = 6.3322e-01, PNorm = 48.2733, GNorm = 3.5229, lr_0 = 1.6475e-04
Loss = 4.7886e-01, PNorm = 48.2786, GNorm = 2.7213, lr_0 = 1.6424e-04
Loss = 5.8645e-01, PNorm = 48.2858, GNorm = 3.3469, lr_0 = 1.6374e-04
Loss = 5.7532e-01, PNorm = 48.2923, GNorm = 1.9860, lr_0 = 1.6324e-04
Loss = 5.7392e-01, PNorm = 48.2983, GNorm = 2.3418, lr_0 = 1.6273e-04
Validation rmse = 1.051069
Epoch 24
Loss = 6.1430e-01, PNorm = 48.3017, GNorm = 2.3884, lr_0 = 1.6218e-04
Loss = 5.5343e-01, PNorm = 48.3074, GNorm = 2.3651, lr_0 = 1.6168e-04
Loss = 6.3997e-01, PNorm = 48.3127, GNorm = 1.9576, lr_0 = 1.6119e-04
Loss = 5.0018e-01, PNorm = 48.3160, GNorm = 1.6892, lr_0 = 1.6069e-04
Loss = 6.0973e-01, PNorm = 48.3149, GNorm = 1.9186, lr_0 = 1.6020e-04
Loss = 5.8837e-01, PNorm = 48.3198, GNorm = 1.9939, lr_0 = 1.5970e-04
Loss = 5.8000e-01, PNorm = 48.3276, GNorm = 2.3253, lr_0 = 1.5921e-04
Loss = 5.6701e-01, PNorm = 48.3327, GNorm = 1.7092, lr_0 = 1.5872e-04
Loss = 5.4966e-01, PNorm = 48.3395, GNorm = 1.3859, lr_0 = 1.5824e-04
Loss = 5.3750e-01, PNorm = 48.3466, GNorm = 1.8621, lr_0 = 1.5775e-04
Loss = 5.5375e-01, PNorm = 48.3513, GNorm = 1.3047, lr_0 = 1.5726e-04
Loss = 5.7808e-01, PNorm = 48.3544, GNorm = 1.8066, lr_0 = 1.5678e-04
Loss = 4.9780e-01, PNorm = 48.3601, GNorm = 1.4961, lr_0 = 1.5630e-04
Loss = 6.0426e-01, PNorm = 48.3639, GNorm = 3.5881, lr_0 = 1.5582e-04
Loss = 6.3771e-01, PNorm = 48.3658, GNorm = 2.7186, lr_0 = 1.5534e-04
Loss = 5.9791e-01, PNorm = 48.3716, GNorm = 1.2814, lr_0 = 1.5486e-04
Loss = 6.0232e-01, PNorm = 48.3761, GNorm = 1.8577, lr_0 = 1.5438e-04
Loss = 5.4630e-01, PNorm = 48.3793, GNorm = 2.6889, lr_0 = 1.5391e-04
Loss = 5.8459e-01, PNorm = 48.3842, GNorm = 2.2347, lr_0 = 1.5344e-04
Loss = 4.8797e-01, PNorm = 48.3875, GNorm = 1.6868, lr_0 = 1.5296e-04
Loss = 5.0764e-01, PNorm = 48.3893, GNorm = 2.3709, lr_0 = 1.5249e-04
Loss = 5.8353e-01, PNorm = 48.3942, GNorm = 2.2905, lr_0 = 1.5203e-04
Loss = 5.9365e-01, PNorm = 48.4007, GNorm = 1.6460, lr_0 = 1.5156e-04
Loss = 6.2936e-01, PNorm = 48.4060, GNorm = 2.2213, lr_0 = 1.5109e-04
Loss = 5.9693e-01, PNorm = 48.4097, GNorm = 1.9872, lr_0 = 1.5063e-04
Loss = 6.5836e-01, PNorm = 48.4157, GNorm = 2.7121, lr_0 = 1.5016e-04
Loss = 6.2578e-01, PNorm = 48.4216, GNorm = 2.4008, lr_0 = 1.4970e-04
Validation rmse = 1.062940
Epoch 25
Loss = 5.0680e-01, PNorm = 48.4251, GNorm = 2.1543, lr_0 = 1.4924e-04
Loss = 4.9285e-01, PNorm = 48.4304, GNorm = 1.6938, lr_0 = 1.4878e-04
Loss = 4.6487e-01, PNorm = 48.4362, GNorm = 1.4667, lr_0 = 1.4833e-04
Loss = 5.6910e-01, PNorm = 48.4393, GNorm = 1.9760, lr_0 = 1.4787e-04
Loss = 6.4168e-01, PNorm = 48.4422, GNorm = 1.6463, lr_0 = 1.4741e-04
Loss = 6.1999e-01, PNorm = 48.4478, GNorm = 3.0603, lr_0 = 1.4696e-04
Loss = 6.0956e-01, PNorm = 48.4542, GNorm = 1.7453, lr_0 = 1.4651e-04
Loss = 5.5291e-01, PNorm = 48.4598, GNorm = 1.8602, lr_0 = 1.4606e-04
Loss = 5.2226e-01, PNorm = 48.4647, GNorm = 1.7978, lr_0 = 1.4561e-04
Loss = 6.1337e-01, PNorm = 48.4698, GNorm = 2.1108, lr_0 = 1.4516e-04
Loss = 6.4101e-01, PNorm = 48.4739, GNorm = 2.8675, lr_0 = 1.4472e-04
Loss = 5.3981e-01, PNorm = 48.4777, GNorm = 2.8029, lr_0 = 1.4427e-04
Loss = 5.5122e-01, PNorm = 48.4835, GNorm = 1.9296, lr_0 = 1.4383e-04
Loss = 6.0643e-01, PNorm = 48.4886, GNorm = 2.7074, lr_0 = 1.4338e-04
Loss = 6.2309e-01, PNorm = 48.4929, GNorm = 2.0621, lr_0 = 1.4294e-04
Loss = 6.6267e-01, PNorm = 48.4982, GNorm = 2.1473, lr_0 = 1.4250e-04
Loss = 5.5135e-01, PNorm = 48.5016, GNorm = 2.6342, lr_0 = 1.4207e-04
Loss = 6.0473e-01, PNorm = 48.5029, GNorm = 2.0596, lr_0 = 1.4163e-04
Loss = 5.6790e-01, PNorm = 48.5052, GNorm = 5.4968, lr_0 = 1.4119e-04
Loss = 5.0407e-01, PNorm = 48.5102, GNorm = 2.2653, lr_0 = 1.4076e-04
Loss = 5.2650e-01, PNorm = 48.5155, GNorm = 2.2258, lr_0 = 1.4033e-04
Loss = 5.5784e-01, PNorm = 48.5205, GNorm = 2.1314, lr_0 = 1.3989e-04
Loss = 5.3460e-01, PNorm = 48.5277, GNorm = 2.1736, lr_0 = 1.3946e-04
Loss = 6.3288e-01, PNorm = 48.5314, GNorm = 2.2908, lr_0 = 1.3904e-04
Loss = 6.1936e-01, PNorm = 48.5335, GNorm = 2.2644, lr_0 = 1.3861e-04
Loss = 5.9180e-01, PNorm = 48.5365, GNorm = 3.3110, lr_0 = 1.3818e-04
Validation rmse = 1.094998
Epoch 26
Loss = 6.3069e-01, PNorm = 48.5398, GNorm = 2.4075, lr_0 = 1.3771e-04
Loss = 7.2237e-01, PNorm = 48.5476, GNorm = 3.0576, lr_0 = 1.3729e-04
Loss = 5.4248e-01, PNorm = 48.5522, GNorm = 1.3815, lr_0 = 1.3687e-04
Loss = 5.4599e-01, PNorm = 48.5551, GNorm = 2.0786, lr_0 = 1.3645e-04
Loss = 5.8135e-01, PNorm = 48.5567, GNorm = 1.7794, lr_0 = 1.3603e-04
Loss = 5.7302e-01, PNorm = 48.5604, GNorm = 1.4983, lr_0 = 1.3561e-04
Loss = 6.2624e-01, PNorm = 48.5656, GNorm = 2.1808, lr_0 = 1.3519e-04
Loss = 5.1762e-01, PNorm = 48.5696, GNorm = 2.1851, lr_0 = 1.3478e-04
Loss = 5.9994e-01, PNorm = 48.5724, GNorm = 1.7661, lr_0 = 1.3436e-04
Loss = 5.2889e-01, PNorm = 48.5759, GNorm = 2.3911, lr_0 = 1.3395e-04
Loss = 4.8043e-01, PNorm = 48.5814, GNorm = 2.2685, lr_0 = 1.3354e-04
Loss = 5.7526e-01, PNorm = 48.5863, GNorm = 2.1563, lr_0 = 1.3313e-04
Loss = 5.6974e-01, PNorm = 48.5890, GNorm = 1.5925, lr_0 = 1.3272e-04
Loss = 5.5631e-01, PNorm = 48.5918, GNorm = 2.1568, lr_0 = 1.3231e-04
Loss = 4.9854e-01, PNorm = 48.5962, GNorm = 1.6888, lr_0 = 1.3190e-04
Loss = 5.7154e-01, PNorm = 48.6006, GNorm = 1.9168, lr_0 = 1.3150e-04
Loss = 5.6100e-01, PNorm = 48.6068, GNorm = 2.6083, lr_0 = 1.3109e-04
Loss = 6.2066e-01, PNorm = 48.6126, GNorm = 2.4440, lr_0 = 1.3069e-04
Loss = 5.7715e-01, PNorm = 48.6170, GNorm = 1.9610, lr_0 = 1.3029e-04
Loss = 5.9365e-01, PNorm = 48.6211, GNorm = 3.0287, lr_0 = 1.2989e-04
Loss = 4.7395e-01, PNorm = 48.6247, GNorm = 2.1862, lr_0 = 1.2949e-04
Loss = 5.5833e-01, PNorm = 48.6280, GNorm = 2.1971, lr_0 = 1.2909e-04
Loss = 5.5669e-01, PNorm = 48.6281, GNorm = 3.2212, lr_0 = 1.2869e-04
Loss = 5.5661e-01, PNorm = 48.6299, GNorm = 1.1817, lr_0 = 1.2830e-04
Loss = 6.1643e-01, PNorm = 48.6351, GNorm = 1.8588, lr_0 = 1.2790e-04
Loss = 5.4697e-01, PNorm = 48.6397, GNorm = 1.5457, lr_0 = 1.2751e-04
Loss = 5.5870e-01, PNorm = 48.6400, GNorm = 2.2510, lr_0 = 1.2712e-04
Validation rmse = 1.063555
Epoch 27
Loss = 4.3021e-01, PNorm = 48.6417, GNorm = 1.9710, lr_0 = 1.2669e-04
Loss = 4.5625e-01, PNorm = 48.6443, GNorm = 1.5574, lr_0 = 1.2630e-04
Loss = 6.6384e-01, PNorm = 48.6479, GNorm = 2.2168, lr_0 = 1.2591e-04
Loss = 5.9457e-01, PNorm = 48.6512, GNorm = 2.3383, lr_0 = 1.2552e-04
Loss = 5.4345e-01, PNorm = 48.6540, GNorm = 1.4852, lr_0 = 1.2513e-04
Loss = 4.8481e-01, PNorm = 48.6560, GNorm = 1.5246, lr_0 = 1.2475e-04
Loss = 5.5133e-01, PNorm = 48.6588, GNorm = 1.3266, lr_0 = 1.2437e-04
Loss = 5.6325e-01, PNorm = 48.6633, GNorm = 2.0785, lr_0 = 1.2398e-04
Loss = 5.4273e-01, PNorm = 48.6677, GNorm = 1.9097, lr_0 = 1.2360e-04
Loss = 5.6947e-01, PNorm = 48.6689, GNorm = 2.1967, lr_0 = 1.2322e-04
Loss = 6.6018e-01, PNorm = 48.6734, GNorm = 1.7473, lr_0 = 1.2284e-04
Loss = 5.4000e-01, PNorm = 48.6795, GNorm = 1.8268, lr_0 = 1.2247e-04
Loss = 5.7215e-01, PNorm = 48.6832, GNorm = 3.1069, lr_0 = 1.2209e-04
Loss = 5.2452e-01, PNorm = 48.6848, GNorm = 2.9549, lr_0 = 1.2171e-04
Loss = 6.2412e-01, PNorm = 48.6882, GNorm = 2.5022, lr_0 = 1.2134e-04
Loss = 5.2855e-01, PNorm = 48.6919, GNorm = 3.3539, lr_0 = 1.2097e-04
Loss = 5.8100e-01, PNorm = 48.6981, GNorm = 1.4290, lr_0 = 1.2059e-04
Loss = 5.2991e-01, PNorm = 48.7043, GNorm = 1.9058, lr_0 = 1.2022e-04
Loss = 6.0317e-01, PNorm = 48.7077, GNorm = 2.0038, lr_0 = 1.1985e-04
Loss = 4.8177e-01, PNorm = 48.7103, GNorm = 2.0755, lr_0 = 1.1949e-04
Loss = 5.6565e-01, PNorm = 48.7100, GNorm = 2.5558, lr_0 = 1.1912e-04
Loss = 5.4508e-01, PNorm = 48.7118, GNorm = 2.4048, lr_0 = 1.1875e-04
Loss = 4.8728e-01, PNorm = 48.7163, GNorm = 2.2011, lr_0 = 1.1839e-04
Loss = 6.0130e-01, PNorm = 48.7216, GNorm = 2.3719, lr_0 = 1.1802e-04
Loss = 6.2524e-01, PNorm = 48.7241, GNorm = 2.2922, lr_0 = 1.1766e-04
Loss = 6.5487e-01, PNorm = 48.7266, GNorm = 2.1814, lr_0 = 1.1730e-04
Loss = 5.4436e-01, PNorm = 48.7290, GNorm = 2.1413, lr_0 = 1.1694e-04
Validation rmse = 1.082851
Epoch 28
Loss = 5.4962e-01, PNorm = 48.7324, GNorm = 2.4069, lr_0 = 1.1654e-04
Loss = 5.7981e-01, PNorm = 48.7350, GNorm = 2.1954, lr_0 = 1.1618e-04
Loss = 5.8049e-01, PNorm = 48.7387, GNorm = 1.6294, lr_0 = 1.1583e-04
Loss = 4.6386e-01, PNorm = 48.7428, GNorm = 1.8480, lr_0 = 1.1547e-04
Loss = 4.5858e-01, PNorm = 48.7452, GNorm = 2.0939, lr_0 = 1.1511e-04
Loss = 5.0498e-01, PNorm = 48.7486, GNorm = 2.3521, lr_0 = 1.1476e-04
Loss = 5.9664e-01, PNorm = 48.7518, GNorm = 3.1864, lr_0 = 1.1441e-04
Loss = 5.3362e-01, PNorm = 48.7548, GNorm = 1.5701, lr_0 = 1.1406e-04
Loss = 5.2021e-01, PNorm = 48.7576, GNorm = 1.9305, lr_0 = 1.1370e-04
Loss = 6.0307e-01, PNorm = 48.7605, GNorm = 3.0748, lr_0 = 1.1336e-04
Loss = 5.8266e-01, PNorm = 48.7626, GNorm = 1.7494, lr_0 = 1.1301e-04
Loss = 5.4726e-01, PNorm = 48.7652, GNorm = 1.5693, lr_0 = 1.1266e-04
Loss = 5.2730e-01, PNorm = 48.7686, GNorm = 3.4322, lr_0 = 1.1231e-04
Loss = 4.6523e-01, PNorm = 48.7725, GNorm = 1.2884, lr_0 = 1.1197e-04
Loss = 6.0459e-01, PNorm = 48.7757, GNorm = 2.1818, lr_0 = 1.1162e-04
Loss = 5.6551e-01, PNorm = 48.7775, GNorm = 1.6802, lr_0 = 1.1128e-04
Loss = 5.9704e-01, PNorm = 48.7802, GNorm = 3.1959, lr_0 = 1.1094e-04
Loss = 6.2273e-01, PNorm = 48.7816, GNorm = 2.1599, lr_0 = 1.1060e-04
Loss = 6.1527e-01, PNorm = 48.7860, GNorm = 2.2630, lr_0 = 1.1026e-04
Loss = 5.7180e-01, PNorm = 48.7907, GNorm = 2.3613, lr_0 = 1.0992e-04
Loss = 5.3930e-01, PNorm = 48.7954, GNorm = 1.8020, lr_0 = 1.0958e-04
Loss = 5.4392e-01, PNorm = 48.7979, GNorm = 2.0120, lr_0 = 1.0924e-04
Loss = 5.7072e-01, PNorm = 48.7993, GNorm = 3.3070, lr_0 = 1.0891e-04
Loss = 5.9990e-01, PNorm = 48.8027, GNorm = 3.2356, lr_0 = 1.0857e-04
Loss = 5.6443e-01, PNorm = 48.8067, GNorm = 2.7797, lr_0 = 1.0824e-04
Loss = 5.5837e-01, PNorm = 48.8095, GNorm = 2.6371, lr_0 = 1.0790e-04
Validation rmse = 1.080363
Epoch 29
Loss = 6.2161e-01, PNorm = 48.8131, GNorm = 2.2893, lr_0 = 1.0754e-04
Loss = 5.6930e-01, PNorm = 48.8166, GNorm = 1.4069, lr_0 = 1.0721e-04
Loss = 5.9883e-01, PNorm = 48.8200, GNorm = 2.3511, lr_0 = 1.0688e-04
Loss = 4.9980e-01, PNorm = 48.8212, GNorm = 2.7449, lr_0 = 1.0655e-04
Loss = 5.6423e-01, PNorm = 48.8226, GNorm = 2.1584, lr_0 = 1.0622e-04
Loss = 5.8825e-01, PNorm = 48.8252, GNorm = 1.8976, lr_0 = 1.0590e-04
Loss = 5.0278e-01, PNorm = 48.8286, GNorm = 1.5840, lr_0 = 1.0557e-04
Loss = 5.1350e-01, PNorm = 48.8345, GNorm = 2.3666, lr_0 = 1.0525e-04
Loss = 5.8362e-01, PNorm = 48.8395, GNorm = 1.4748, lr_0 = 1.0492e-04
Loss = 5.4464e-01, PNorm = 48.8423, GNorm = 1.9890, lr_0 = 1.0460e-04
Loss = 5.7559e-01, PNorm = 48.8438, GNorm = 2.0656, lr_0 = 1.0428e-04
Loss = 5.2476e-01, PNorm = 48.8470, GNorm = 2.0764, lr_0 = 1.0396e-04
Loss = 5.4037e-01, PNorm = 48.8496, GNorm = 1.7123, lr_0 = 1.0364e-04
Loss = 5.8353e-01, PNorm = 48.8533, GNorm = 2.0050, lr_0 = 1.0332e-04
Loss = 5.3238e-01, PNorm = 48.8562, GNorm = 2.0058, lr_0 = 1.0300e-04
Loss = 5.3450e-01, PNorm = 48.8588, GNorm = 1.9099, lr_0 = 1.0268e-04
Loss = 4.8904e-01, PNorm = 48.8618, GNorm = 2.1298, lr_0 = 1.0237e-04
Loss = 5.4119e-01, PNorm = 48.8632, GNorm = 1.6494, lr_0 = 1.0205e-04
Loss = 5.1816e-01, PNorm = 48.8662, GNorm = 1.9400, lr_0 = 1.0174e-04
Loss = 5.7279e-01, PNorm = 48.8691, GNorm = 1.6642, lr_0 = 1.0143e-04
Loss = 5.3538e-01, PNorm = 48.8708, GNorm = 1.9061, lr_0 = 1.0111e-04
Loss = 5.6107e-01, PNorm = 48.8737, GNorm = 2.2266, lr_0 = 1.0080e-04
Loss = 5.4905e-01, PNorm = 48.8762, GNorm = 2.5712, lr_0 = 1.0049e-04
Loss = 5.5319e-01, PNorm = 48.8776, GNorm = 2.6357, lr_0 = 1.0018e-04
Loss = 5.8698e-01, PNorm = 48.8798, GNorm = 1.7332, lr_0 = 1.0000e-04
Loss = 5.8920e-01, PNorm = 48.8810, GNorm = 1.5778, lr_0 = 1.0000e-04
Loss = 5.9684e-01, PNorm = 48.8825, GNorm = 2.1378, lr_0 = 1.0000e-04
Validation rmse = 1.081927
Model 0 best validation rmse = 0.994835 on epoch 1
Loading pretrained parameter "encoder.encoder.0.cached_zero_vector".
Loading pretrained parameter "encoder.encoder.0.W_i.weight".
Loading pretrained parameter "encoder.encoder.0.W_h.weight".
Loading pretrained parameter "encoder.encoder.0.W_o.weight".
Loading pretrained parameter "encoder.encoder.0.W_o.bias".
Loading pretrained parameter "readout.1.weight".
Loading pretrained parameter "readout.1.bias".
Loading pretrained parameter "readout.4.weight".
Loading pretrained parameter "readout.4.bias".
Moving model to cuda
Model 0 test rmse = 0.994835
Ensemble test rmse = 0.994835
1-fold cross validation
	Seed 0 ==> test rmse = 0.994835
Overall test rmse = 0.994835 +/- 0.000000
Elapsed time = 0:14:15
